Log file open, 05/31/17 09:28:45
LogInit:Display: Running engine for game: PluralSightTutorial
LogPlatformFile: Not using cached read wrapper
LogInit:Display: RandInit(918635512) SRandInit(918635512).
LogTaskGraph: Started task graph with 5 named threads and 8 total threads with 1 sets of task threads.
LogStats: Stats thread started at 0.207611
LogInit: Using libcurl 7.47.1
LogInit:  - built for x86_64-pc-win32
LogInit:  - supports SSL with OpenSSL/1.0.2g
LogInit:  - supports HTTP deflate (compression) using libz 1.2.8
LogInit:  - other features:
LogInit:      CURL_VERSION_SSL
LogInit:      CURL_VERSION_LIBZ
LogInit:      CURL_VERSION_IPV6
LogInit:      CURL_VERSION_ASYNCHDNS
LogInit:      CURL_VERSION_LARGEFILE
LogInit:      CURL_VERSION_IDN
LogInit:  CurlRequestOptions (configurable via config and command line):
LogInit:  - bVerifyPeer = false  - Libcurl will NOT verify peer certificate
LogInit:  - bUseHttpProxy = false  - Libcurl will NOT use HTTP proxy
LogInit:  - bDontReuseConnections = false  - Libcurl will reuse connections
LogInit:  - CertBundlePath = nullptr  - Libcurl will use whatever was configured at build time.
LogInit: Build: ++UE4+Release-4.15-CL-3299760
LogInit: Engine Version: 4.15.0-3299760+++UE4+Release-4.15
LogInit: Compatible Engine Version: 4.15.0-3299760+++UE4+Release-4.15
LogInit: Net CL: 3299760
LogDevObjectVersion: Number of dev versions registered: 14
LogDevObjectVersion:   Dev-Blueprints (B0D832E4-1F89-4F0D-ACCF-7EB736FD4AA2): 8
LogDevObjectVersion:   Dev-Build (E1C64328-A22C-4D53-A36C-8E866417BD8C): 0
LogDevObjectVersion:   Dev-Core (375EC13C-06E4-48FB-B500-84F0262A717E): 2
LogDevObjectVersion:   Dev-Editor (E4B068ED-F494-42E9-A231-DA0B2E46BB41): 14
LogDevObjectVersion:   Dev-Framework (CFFC743F-43B0-4480-9391-14DF171D2073): 22
LogDevObjectVersion:   Dev-Mobile (B02B49B5-BB20-44E9-A304-32B752E40360): 0
LogDevObjectVersion:   Dev-Networking (A4E4105C-59A1-49B5-A7C5-40C4547EDFEE): 0
LogDevObjectVersion:   Dev-Online (39C831C9-5AE6-47DC-9A44-9C173E1C8E7C): 0
LogDevObjectVersion:   Dev-Physics (78F01B33-EBEA-4F98-B9B4-84EACCB95AA2): 0
LogDevObjectVersion:   Dev-Platform (6631380F-2D4D-43E0-8009-CF276956A95A): 0
LogDevObjectVersion:   Dev-Rendering (12F88B9F-8875-4AFC-A67C-D90C383ABD29): 12
LogDevObjectVersion:   Dev-Sequencer (7B5AE74C-D270-4C10-A958-57980B212A5A): 3
LogDevObjectVersion:   Dev-VR (D7296918-1DD6-4BDD-9DE2-64A83CC13884): 0
LogDevObjectVersion:   Dev-LoadTimes (C2A15278-BFE7-4AFE-6C17-90FF531DF755): 1
LogInit: Compiled (64-bit): Feb 14 2017 02:04:14
LogInit: Compiled with Visual C++: 19.00.23026.00
LogInit: Build Configuration: Development
LogInit: Branch Name: ++UE4+Release-4.15
LogInit: Command line: -EpicPortal 
LogInit: Base directory: D:/Program Files/Epic Games/UE_4.15/Engine/Binaries/Win64/
LogInit: Installed Engine Build: 1
LogInit: Presizing for max 8388607 objects, including 0 objects not considered by GC, pre-allocating 0 bytes for permanent pool.
LogInit: Object subsystem initialized
[2017.05.31-07.28.47:139][  0]LogInit: Selected Device Profile: [Windows]
[2017.05.31-07.28.47:139][  0]LogInit: Applying CVar settings loaded from the selected device profile: [Windows]
[2017.05.31-07.28.47:175][  0]LogInit: Computer: HARIS-PC
[2017.05.31-07.28.47:175][  0]LogInit: User: feddy
[2017.05.31-07.28.47:175][  0]LogInit: CPU Page size=65536, Cores=4
[2017.05.31-07.28.47:175][  0]LogInit: High frequency timer resolution =3.331259 MHz
[2017.05.31-07.28.47:175][  0]LogMemory: Memory total: Physical=16.0GB (16GB approx)
[2017.05.31-07.28.47:175][  0]LogMemory: Platform Memory Stats for Windows
[2017.05.31-07.28.47:175][  0]LogMemory: Process Physical Memory: 263.79 MB used, 263.79 MB peak
[2017.05.31-07.28.47:175][  0]LogMemory: Process Virtual Memory: 265.60 MB used, 265.60 MB peak
[2017.05.31-07.28.47:175][  0]LogMemory: Physical Memory: 7450.20 MB used,  8900.94 MB free, 16351.14 MB total
[2017.05.31-07.28.47:175][  0]LogMemory: Virtual Memory: 631.77 MB used,  8900.94 MB free, 8388608.00 MB total
[2017.05.31-07.28.47:630][  0]LogTextLocalizationManager: No specific translations for ('en-US') exist, so ('en') translations will be used.
[2017.05.31-07.28.48:479][  0]LogD3D11RHI: D3D11 adapters:
[2017.05.31-07.28.48:514][  0]LogD3D11RHI:    0. 'NVIDIA GeForce GTX 970' (Feature Level 11_0)
[2017.05.31-07.28.48:514][  0]LogD3D11RHI:       4008/0/7919 MB DedicatedVideo/DedicatedSystem/SharedSystem, Outputs:2, VendorId:0x10de
[2017.05.31-07.28.48:515][  0]LogD3D11RHI: Chosen D3D11 Adapter: 0
[2017.05.31-07.28.48:520][  0]LogD3D11RHI: Creating new Direct3DDevice
[2017.05.31-07.28.48:520][  0]LogD3D11RHI:     GPU DeviceId: 0x13c2 (for the marketing name, search the web for "GPU Device Id")
[2017.05.31-07.28.48:520][  0]LogWindows: EnumDisplayDevices:
[2017.05.31-07.28.48:521][  0]LogWindows:    0. 'NVIDIA GeForce GTX 970' (P:1 D:1)
[2017.05.31-07.28.48:521][  0]LogWindows:    1. 'NVIDIA GeForce GTX 970' (P:0 D:1)
[2017.05.31-07.28.48:522][  0]LogWindows:    2. 'NVIDIA GeForce GTX 970' (P:0 D:0)
[2017.05.31-07.28.48:522][  0]LogWindows:    3. 'NVIDIA GeForce GTX 970' (P:0 D:0)
[2017.05.31-07.28.48:522][  0]LogWindows:    4. 'RDPDD Chained DD' (P:0 D:0)
[2017.05.31-07.28.48:522][  0]LogWindows:    5. 'RDP Encoder Mirror Driver' (P:0 D:0)
[2017.05.31-07.28.48:523][  0]LogWindows:    6. 'RDP Reflector Display Driver' (P:0 D:0)
[2017.05.31-07.28.48:523][  0]LogWindows: DebugString: GetVideoDriverDetailsInvalid PrimaryIsNotTheChoosenAdapter GetVideoDriverDetailsInvalid PrimaryIsNotTheChoosenAdapter GetVideoDriverDetailsInvalid PrimaryIsNotTheChoosenAdapter FoundDriverCount:4 
[2017.05.31-07.28.48:523][  0]LogD3D11RHI:     Adapter Name: NVIDIA GeForce GTX 970
[2017.05.31-07.28.48:523][  0]LogD3D11RHI:   Driver Version: 358.87 (internal:10.18.13.5887, unified:358.87)
[2017.05.31-07.28.48:523][  0]LogD3D11RHI:      Driver Date: 11-2-2015
[2017.05.31-07.28.48:523][  0]LogRHI: Texture pool is 1361 MB (70% of 1945 MB)
[2017.05.31-07.28.48:537][  0]LogD3D11RHI: NvAPI_D3D_GetCurrentSLIState failed: 0xfffffff7
[2017.05.31-07.28.48:537][  0]LogD3D11RHI: Async texture creation enabled
[2017.05.31-07.28.48:552][  0]LogD3D11RHI: GPU Timing Frequency: 1000.000000 (Debug: 2 2)
[2017.05.31-07.28.48:557][  0]LogShaderCompilers: Guid format shader working directory is -17 characters bigger than the processId version (../../../../../../CITYOS/CITYOS_LAB/UNREAL/PluralSightTutorial/Intermediate/Shaders/WorkingDirectory/12500/).
[2017.05.31-07.28.48:557][  0]LogShaderCompilers: Cleaned the shader compiler working directory 'C:/Users/feddy/AppData/Local/Temp/UnrealShaderWorkingDir/91C35C394490AFB254BB7B86EA8AC2BF/'.
[2017.05.31-07.28.48:557][  0]LogShaderCompilers:Display: Using Local Shader Compiler.
[2017.05.31-07.28.50:037][  0]LogTemp:Display: Loaded TP AllDesktopTargetPlatform
[2017.05.31-07.28.50:154][  0]LogTemp:Display: Loaded TP MacClientTargetPlatform
[2017.05.31-07.28.50:255][  0]LogTemp:Display: Loaded TP MacNoEditorTargetPlatform
[2017.05.31-07.28.50:352][  0]LogTemp:Display: Loaded TP MacServerTargetPlatform
[2017.05.31-07.28.50:447][  0]LogTemp:Display: Loaded TP MacTargetPlatform
[2017.05.31-07.28.50:543][  0]LogTemp:Display: Loaded TP WindowsClientTargetPlatform
[2017.05.31-07.28.50:661][  0]LogTemp:Display: Loaded TP WindowsNoEditorTargetPlatform
[2017.05.31-07.28.50:753][  0]LogTemp:Display: Loaded TP WindowsServerTargetPlatform
[2017.05.31-07.28.50:845][  0]LogTemp:Display: Loaded TP WindowsTargetPlatform
[2017.05.31-07.28.50:953][  0]LogTemp:Display: Loaded TP AndroidTargetPlatform
[2017.05.31-07.28.51:056][  0]LogTemp:Display: Loaded TP Android_ASTCTargetPlatform
[2017.05.31-07.28.51:158][  0]LogTemp:Display: Loaded TP Android_ATCTargetPlatform
[2017.05.31-07.28.51:259][  0]LogTemp:Display: Loaded TP Android_DXTTargetPlatform
[2017.05.31-07.28.51:350][  0]LogTemp:Display: Loaded TP Android_ETC1TargetPlatform
[2017.05.31-07.28.51:439][  0]LogTemp:Display: Loaded TP Android_ETC2TargetPlatform
[2017.05.31-07.28.51:617][  0]LogTemp:Display: Loaded TP Android_MultiTargetPlatform
[2017.05.31-07.28.51:617][  0]LogTemp:Display: Loaded TP Android_PVRTCTargetPlatform
[2017.05.31-07.28.51:690][  0]LogTemp:Display: Loaded TP HTML5TargetPlatform
[2017.05.31-07.28.51:871][  0]LogTemp:Display: Loaded TP IOSTargetPlatform
[2017.05.31-07.28.51:929][  0]LogTemp:Display: Loaded TP TVOSTargetPlatform
[2017.05.31-07.28.52:017][  0]LogTemp:Display: Loaded TP LinuxClientTargetPlatform
[2017.05.31-07.28.52:109][  0]LogTemp:Display: Loaded TP LinuxNoEditorTargetPlatform
[2017.05.31-07.28.52:197][  0]LogTemp:Display: Loaded TP LinuxServerTargetPlatform
[2017.05.31-07.28.52:287][  0]LogTemp:Display: Loaded TP LinuxTargetPlatform
[2017.05.31-07.28.52:287][  0]LogTargetPlatformManager:Display: Building Assets For Windows
[2017.05.31-07.28.53:349][  0]LogDerivedDataCache:Display: Max Cache Size: 512 MB
[2017.05.31-07.28.53:402][  0]LogDerivedDataCache: Loaded boot cache 0.05s 50MB C:/Users/feddy/AppData/Local/UnrealEngine/4.15/DerivedDataCache/Boot.ddc.
[2017.05.31-07.28.53:402][  0]LogDerivedDataCache:Display: Loaded Boot cache: C:/Users/feddy/AppData/Local/UnrealEngine/4.15/DerivedDataCache/Boot.ddc
[2017.05.31-07.28.53:402][  0]LogDerivedDataCache: FDerivedDataBackendGraph:  Pak pak cache file ../../../../../../CITYOS/CITYOS_LAB/UNREAL/PluralSightTutorial/DerivedDataCache/DDC.ddp not found, will not use a pak cache.
[2017.05.31-07.28.53:402][  0]LogDerivedDataCache: Unable to find inner node Pak for hierarchical cache Hierarchy.
[2017.05.31-07.28.53:402][  0]LogDerivedDataCache: FDerivedDataBackendGraph:  CompressedPak pak cache file ../../../../../../CITYOS/CITYOS_LAB/UNREAL/PluralSightTutorial/DerivedDataCache/Compressed.ddp not found, will not use a pak cache.
[2017.05.31-07.28.53:402][  0]LogDerivedDataCache: Unable to find inner node CompressedPak for hierarchical cache Hierarchy.
[2017.05.31-07.28.53:422][  0]LogDerivedDataCache:Display: Pak cache opened for reading ../../../Engine/DerivedDataCache/Compressed.ddp.
[2017.05.31-07.28.53:434][  0]LogDerivedDataCache: Using Local data cache path C:/Users/feddy/AppData/Local/UnrealEngine/Common/DerivedDataCache: Writable
[2017.05.31-07.28.53:443][  0]LogSlate: Using Freetype 2.6.0
[2017.05.31-07.28.53:444][  0]LogSlate: SlateFontCache - WITH_FREETYPE: 1, WITH_HARFBUZZ: 1
[2017.05.31-07.28.53:444][  0]LogSlate: SlateFontCache - WITH_FREETYPE: 1, WITH_HARFBUZZ: 1
[2017.05.31-07.28.53:781][  0]LogInit: Selected Device Profile: [Windows]
[2017.05.31-07.28.53:785][  0]LogContentStreaming: Texture pool size is 0.00 MB
[2017.05.31-07.28.54:116][  0]LogMeshUtilities: Using QuadricMeshReduction for automatic static mesh reduction
[2017.05.31-07.28.54:200][  0]LogSimplygon: Simplygon DLL not present - disabling.
[2017.05.31-07.28.54:295][  0]LogMeshUtilities: Using SimplygonSwarm for distributed automatic mesh merging
[2017.05.31-07.28.54:295][  0]LogMeshUtilities: No automatic skeletal mesh reduction module available
[2017.05.31-07.28.54:295][  0]LogMeshUtilities: No automatic mesh merging module available
[2017.05.31-07.28.55:080][  0]LogNetVersion: GetLocalNetworkVersion: CL: 3299760, ProjectName: pluralsighttutorial, ProjectVersion: , EngineNetworkVersion: 2, GameNetworkVersion: 0, NetworkChecksum: 2998460042
[2017.05.31-07.28.55:152][  0]LogAssetRegistry: FAssetRegistry took 0.0197 seconds to start up
[2017.05.31-07.28.55:278][  0]LogPackageLocalizationCache: Processed 3 localized package path(s) for 2 prioritized culture(s) in 0.083767 seconds
[2017.05.31-07.28.55:283][  0]LogUObjectArray: 32475 objects as part of root set at end of initial load.
[2017.05.31-07.28.55:283][  0]LogUObjectAllocator: 7073368 out of 0 bytes used by permanent object pool.
[2017.05.31-07.28.55:283][  0]LogUObjectArray: CloseDisregardForGC: 0/0 objects in disregard for GC pool
[2017.05.31-07.28.55:397][  0]LogInit: WinSock: version 1.1 (2.2), MaxSocks=32767, MaxUdp=65467
[2017.05.31-07.28.58:587][  0]LogTcpMessaging: Initializing TcpMessaging bridge
[2017.05.31-07.28.58:663][  0]LogUdpMessaging: Initializing bridge on interface 0.0.0.0:0 to multicast group 230.0.0.1:6666.
[2017.05.31-07.28.59:720][  0]LogMaterial: Uniform references updated for custom material expression Custom.
[2017.05.31-07.29.00:434][  0]SourceControl: Info Source control is disabled
[2017.05.31-07.29.00:693][  0]LogSourceControl:Error: '../../../../../../CITYOS/CITYOS_LAB/UNREAL/PluralSightTutorial/' is not part of a Git repository
[2017.05.31-07.29.00:976][  0]LogSourceControl:Error: '../../../../../../CITYOS/CITYOS_LAB/UNREAL/PluralSightTutorial/' is not part of a Git repository
[2017.05.31-07.29.01:241][  0]LogSourceControl:Error: '../../../../../../CITYOS/CITYOS_LAB/UNREAL/PluralSightTutorial/' is not part of a Git repository
[2017.05.31-07.29.05:450][  0]LogEngine: Initializing Engine...
[2017.05.31-07.29.05:451][  0]LogHMD: Failed to initialize OpenVR with code 110
[2017.05.31-07.29.06:215][  0]LogAIModule: Creating AISystem for world Untitled
[2017.05.31-07.29.06:238][  0]LogInit: XAudio2 using 'Speakers (Realtek High Definition Audio)' : 2 channels at 48 kHz using 32 bits per sample (channel mask 0x3)
[2017.05.31-07.29.06:258][  0]LogInit: FAudioDevice initialized.
[2017.05.31-07.29.06:283][  0]LogDerivedDataCache: Saved boot cache 0.03s 50MB C:/Users/feddy/AppData/Local/UnrealEngine/4.15/DerivedDataCache/Boot.ddc.
[2017.05.31-07.29.06:292][  0]LogInit: Texture streaming: Enabled
[2017.05.31-07.29.06:721][  0]LogEngineSessionManager: EngineSessionManager initialized
[2017.05.31-07.29.07:106][  0]LogInit: Transaction tracking system initialized
[2017.05.31-07.29.08:984][  0]BlueprintLog: New page: Editor Load
[2017.05.31-07.29.14:597][  0]LocalizationService: Info Localization service is disabled
[2017.05.31-07.29.17:705][  0]LogConsoleResponse:Display: 
[2017.05.31-07.29.17:939][  0]LogCook:Display: Max memory allowance for cook 16384mb min free memory 0mb
[2017.05.31-07.29.17:939][  0]LogCook:Display: Mobile HDR setting 1
[2017.05.31-07.29.18:536][  0]LogFileCache: Scanning file cache for directory 'D:/CITYOS/CITYOS_LAB/UNREAL/PluralSightTutorial/Content/' took 0.02s
[2017.05.31-07.29.21:868][  0]LogSourceControl:Error: '../../../../../../CITYOS/CITYOS_LAB/UNREAL/PluralSightTutorial/' is not part of a Git repository
[2017.05.31-07.29.21:868][  0]Cmd: MAP LOAD FILE="../../../../../../CITYOS/CITYOS_LAB/UNREAL/PluralSightTutorial/Content/FirstPersonBP/Maps/CityOSLab.umap" TEMPLATE=0 SHOWPROGRESS=1 FEATURELEVEL=3
[2017.05.31-07.29.21:910][  0]LightingResults: New page: Lighting Build
[2017.05.31-07.29.21:960][  0]MapCheck: New page: Map Check
[2017.05.31-07.29.21:960][  0]LightingResults: New page: Lighting Build
[2017.05.31-07.29.25:033][  0]LogAIModule: Creating AISystem for world CityOSLab
[2017.05.31-07.29.25:051][  0]LogEditorServer: Finished looking for orphan Actors (0.000 secs)
[2017.05.31-07.29.25:051][  0]Cmd: MAP CHECKDEP NOCLEARLOG
[2017.05.31-07.29.25:150][  0]MapCheck: Info Map check complete: 0 Error(s), 0 Warning(s), took 98.967ms to complete.
[2017.05.31-07.29.25:150][  0]LogFileHelpers: Loading map 'CityOSLab' took 3.282
[2017.05.31-07.29.25:465][  0]LogCollectionManager: Loaded 0 collections in 0.002088 seconds
[2017.05.31-07.29.25:694][  0]LogFileCache: Scanning file cache for directory 'D:/CITYOS/CITYOS_LAB/UNREAL/PluralSightTutorial/Saved/Collections/' took 0.01s
[2017.05.31-07.29.25:694][  0]LogFileCache: Scanning file cache for directory 'D:/CITYOS/CITYOS_LAB/UNREAL/PluralSightTutorial/Content/Developers/feddy/Collections/' took 0.01s
[2017.05.31-07.29.25:694][  0]LogFileCache: Scanning file cache for directory 'D:/CITYOS/CITYOS_LAB/UNREAL/PluralSightTutorial/Content/Collections/' took 0.01s
[2017.05.31-07.29.25:694][  0]LogCollectionManager: Rebuilt the GUID cache for 0 collections in 0.000002 seconds
[2017.05.31-07.29.25:710][  0]LogContentBrowser: Native class hierarchy populated in 0.0156 seconds. Added 2244 classes and 450 folders.
[2017.05.31-07.29.25:715][  0]LogStats: UGameplayTagsManager::ConstructGameplayTagTree: Construct from data asset -  0.000 s
[2017.05.31-07.29.25:715][  0]LogStats: UGameplayTagsManager::ConstructGameplayTagTree: GameplayTagTreeChangedEvent.Broadcast -  0.000 s
[2017.05.31-07.29.26:039][  0]LogContentBrowser: Native class hierarchy updated for 'WidgetCarousel' in 0.0006 seconds. Added 0 classes and 0 folders.
[2017.05.31-07.29.27:242][  0]LogContentBrowser: Native class hierarchy updated for 'AddContentDialog' in 0.0006 seconds. Added 0 classes and 0 folders.
[2017.05.31-07.29.27:442][  0]LogContentBrowser: Native class hierarchy updated for 'SceneOutliner' in 0.0006 seconds. Added 1 classes and 2 folders.
[2017.05.31-07.29.27:523][  0]LogCrashTracker: Crashtracker disabled due to settings.
[2017.05.31-07.29.27:528][  0]LogUObjectGlobals:Warning: Failed to find object 'Class None.'
[2017.05.31-07.29.27:606][  0]LogContentBrowser: Native class hierarchy updated for 'HierarchicalLODOutliner' in 0.0007 seconds. Added 1 classes and 2 folders.
[2017.05.31-07.29.27:606][  0]LogLoad: (Engine Initialization) Total time: 44.61 seconds
[2017.05.31-07.29.27:606][  0]LogLoad: (Engine Initialization) Total Blueprint compile time: 0.15 seconds
[2017.05.31-07.29.27:606][  0]LogExternalProfiler: Found external profiler: VSPerf
[2017.05.31-07.29.27:606][  0]LogExternalProfiler: Using external profiler: VSPerf
[2017.05.31-07.29.27:945][  0]LogOcInput: OculusInput pre-init called
[2017.05.31-07.29.27:946][  0]LoadErrors:Error: Error /Game/FirstPersonBP/Maps/CityOSLab : Failed import for MapBuildDataRegistry /Game/FirstPersonBP/Maps/CityOSLab_BuiltData.CityOSLab_BuiltData
[2017.05.31-07.29.27:967][  0]LogContentStreaming: Texture pool size now 1000 MB
[2017.05.31-07.29.27:983][  0]LogSlate: Took 0.000308 seconds to synchronously load lazily loaded font '../../../Engine/Content/Slate/Fonts/Roboto-Regular.ttf' (155K)
[2017.05.31-07.29.27:987][  0]LogSlate: Took 0.000345 seconds to synchronously load lazily loaded font '../../../Engine/Content/Slate/Fonts/Roboto-Bold.ttf' (160K)
[2017.05.31-07.29.28:013][  0]LogSlate: Took 0.020252 seconds to synchronously load lazily loaded font '../../../Engine/Content/Editor/Slate/Fonts/FontAwesome.ttf' (139K)
[2017.05.31-07.29.28:252][  0]LogRenderer: Reallocating scene render targets to support 1324x728 NumSamples 1 (Frame:2).
[2017.05.31-07.29.28:431][  1]MapCheck: New page: Map Check
[2017.05.31-07.29.28:458][  1]Cmd: MAP REBUILD ALLVISIBLE
[2017.05.31-07.29.28:458][  1]LogEditorServer: Rebuildmap Clear paths rebuilt
[2017.05.31-07.29.28:647][  1]LogMaterial: Missing cached shader map for material FDebugViewModeMaterialProxy MaterialInstanceDynamic_1, compiling. 
[2017.05.31-07.29.28:649][  1]LogTemp:Display: Added material ShaderMap 0x000000004AFE9280 with Material 0x0000000049E70D00 to ShaderMapsBeingCompiled
[2017.05.31-07.29.28:653][  1]LogTemp:Display: Kicking off shader compilation for FDebugViewModeMaterialProxy MaterialInstanceDynamic_1, GameThreadShaderMap 0x000000004AFE9280
[2017.05.31-07.29.28:657][  1]LogMaterial: Missing cached shader map for material FDebugViewModeMaterialProxy M_Basic_Master, compiling. 
[2017.05.31-07.29.28:658][  1]LogTemp:Display: Added material ShaderMap 0x000000004AFE8B80 with Material 0x0000000039C66B00 to ShaderMapsBeingCompiled
[2017.05.31-07.29.28:661][  1]LogTemp:Display: Kicking off shader compilation for FDebugViewModeMaterialProxy M_Basic_Master, GameThreadShaderMap 0x000000004AFE8B80
[2017.05.31-07.29.28:666][  1]LogMaterial: Missing cached shader map for material FDebugViewModeMaterialProxy M_Basic_Plaster, compiling. 
[2017.05.31-07.29.28:667][  1]LogTemp:Display: Added material ShaderMap 0x0000000039C3AB00 with Material 0x0000000039C67700 to ShaderMapsBeingCompiled
[2017.05.31-07.29.28:669][  1]LogTemp:Display: Kicking off shader compilation for FDebugViewModeMaterialProxy M_Basic_Plaster, GameThreadShaderMap 0x0000000039C3AB00
[2017.05.31-07.29.28:673][  1]LogMaterial: Missing cached shader map for material FDebugViewModeMaterialProxy M_Glass_Master, compiling. 
[2017.05.31-07.29.28:674][  1]LogTemp:Display: Added material ShaderMap 0x0000000039C39D00 with Material 0x0000000039C65F00 to ShaderMapsBeingCompiled
[2017.05.31-07.29.28:677][  1]LogTemp:Display: Kicking off shader compilation for FDebugViewModeMaterialProxy M_Glass_Master, GameThreadShaderMap 0x0000000039C39D00
[2017.05.31-07.29.32:031][  1]LogTemp:Display: Finished compile of shader map 0x000000004AFE8B80
[2017.05.31-07.29.32:031][  1]LogTemp:Display: Shader map FDebugViewModeMaterialProxy M_Basic_Master complete, GameThreadShaderMap 0x000000004AFE8B80, marking material FDebugViewModeMaterialProxy M_Basic_Master as finished
[2017.05.31-07.29.32:031][  1]LogTemp:Display: Marking material as finished 0x0000000039C66B00
[2017.05.31-07.29.32:033][  1]LogTemp:Display: Finished compile of shader map 0x0000000039C39D00
[2017.05.31-07.29.32:033][  1]LogTemp:Display: Shader map FDebugViewModeMaterialProxy M_Glass_Master complete, GameThreadShaderMap 0x0000000039C39D00, marking material FDebugViewModeMaterialProxy M_Glass_Master as finished
[2017.05.31-07.29.32:034][  1]LogTemp:Display: Marking material as finished 0x0000000039C65F00
[2017.05.31-07.29.32:070][  1]LogTemp:Display: Finished compile of shader map 0x0000000039C3AB00
[2017.05.31-07.29.32:070][  1]LogTemp:Display: Shader map FDebugViewModeMaterialProxy M_Basic_Plaster complete, GameThreadShaderMap 0x0000000039C3AB00, marking material FDebugViewModeMaterialProxy M_Basic_Plaster as finished
[2017.05.31-07.29.32:070][  1]LogTemp:Display: Marking material as finished 0x0000000039C67700
[2017.05.31-07.29.32:123][  1]LogTemp:Display: Finished compile of shader map 0x000000004AFE9280
[2017.05.31-07.29.32:123][  1]LogTemp:Display: Shader map FDebugViewModeMaterialProxy MaterialInstanceDynamic_1 complete, GameThreadShaderMap 0x000000004AFE9280, marking material FDebugViewModeMaterialProxy MaterialInstanceDynamic_1 as finished
[2017.05.31-07.29.32:123][  1]LogTemp:Display: Marking material as finished 0x0000000049E70D00
[2017.05.31-07.29.32:125][  1]TextureStreamingBuild:Display: Compiling optional shaders took 3.483 seconds.
[2017.05.31-07.29.32:135][  1]LogLevel:Display: Export Material TexCoord Scales took 0.010 seconds.
[2017.05.31-07.29.32:151][  1]TextureStreamingBuild:Display: Build Texture Streaming took 0.015 seconds.
[2017.05.31-07.29.32:165][  1]LightingResults: New page: Lighting Build - May 31, 2017, 11:29:32 AM
[2017.05.31-07.29.32:369][  1]LogSwarmInterface: [OpenConnection] Registering TCP channel ...
[2017.05.31-07.29.32:598][  1]LogSwarmInterface: [OpenConnection] Connecting to agent ...
[2017.05.31-07.29.32:611][  1]LogSwarmInterface: [TryOpenConnection] Testing the Agent
[2017.05.31-07.29.33:809][  1]LogSwarmInterface: [TryOpenConnection] Opening Connection to Agent
[2017.05.31-07.29.33:809][  1]LogSwarmInterface: [TryOpenConnection] Local Process ID is 12500
[2017.05.31-07.29.37:940][  1]LogStaticLightingSystem:Warning: No importance volume found, so the scene bounding box was used.  You can optimize your scene's quality and lighting build times by adding importance volumes.
[2017.05.31-07.29.37:940][  1]LogStaticLightingSystem: Running Lightmass w/ ImmediateImport mode ENABLED
[2017.05.31-07.29.37:940][  1]LogStaticLightingSystem: Running Lightmass w/ ImmediateProcess mode ENABLED
[2017.05.31-07.29.37:940][  1]LogStaticLightingSystem: Running Lightmass w/ Sorting mode ENABLED
[2017.05.31-07.29.37:940][  1]LogStaticLightingSystem: Running Lightmass w/ Mapping paddings ENABLED
[2017.05.31-07.29.37:940][  1]LogStaticLightingSystem: Running Lightmass w/ Mapping debug paddings DISABLED
[2017.05.31-07.29.38:132][  1]Cmd: MAP CHECK DONTDISPLAYDIALOG
[2017.05.31-07.29.38:132][  1]MapCheck: New page: CityOSLab - May 31, 2017, 11:29:38 AM
[2017.05.31-07.29.38:133][  1]MapCheck:Error: Error WorldSettings Maps need lighting rebuilt 
[2017.05.31-07.29.38:203][  1]MapCheck: Info Map check complete: 1 Error(s), 0 Warning(s), took 70.602ms to complete.
[2017.05.31-07.29.38:224][  1]LogEditorBuildUtils: Build time 0:09
[2017.05.31-07.29.38:252][  1]LogAssetRegistry: Asset discovery search completed in 43.1183 seconds
[2017.05.31-07.29.38:252][  1]LogCollectionManager: Rebuilt the object cache for 0 collections in 0.000005 seconds (found 0 objects)
[2017.05.31-07.29.38:252][  1]LogCollectionManager: Fixed up redirectors for 0 collections in 0.000020 seconds (updated 0 objects)
[2017.05.31-07.29.38:378][  1]LogSlate: Took 0.022017 seconds to synchronously load lazily loaded font '../../../Engine/Content/Slate/Fonts/Roboto-Light.ttf' (159K)
[2017.05.31-07.29.46:066][ 24]Job is a success!
[2017.05.31-07.29.46:414][ 25]LogSlate: Took 0.000283 seconds to synchronously load lazily loaded font '../../../Engine/Content/Slate/Fonts/Roboto-Light.ttf' (159K)
[2017.05.31-07.29.47:150][ 25]LogTexture:Display: Building textures: HQ_Lightmap0_1 (AutoDXT)
[2017.05.31-07.29.47:150][ 25]LogTexture:Display: Building textures: LQ_Lightmap_0_1 (DXT1)
[2017.05.31-07.29.47:150][ 25]LogTexture:Display: Building textures: HQ_Lightmap0_2 (AutoDXT)
[2017.05.31-07.29.47:150][ 25]LogTexture:Display: Building textures: LQ_Lightmap_0_2 (DXT1)
[2017.05.31-07.29.47:180][ 25]LogTexture:Display: Building textures: ShadowMapTexture2D_1 (G8)
[2017.05.31-07.29.47:180][ 25]LogTexture:Display: Building textures: ShadowMapTexture2D_0 (G8)
[2017.05.31-07.29.47:230][ 25]Lightmass on HARIS-PC: 6.17 sec total, 757 ms importing, 195 ms setup, 405 ms photons, 4.78 sec processing, 0 ms extra exporting [58/58 mappings]. Threads: 33.3 sec total, 19.3 sec processing.
[2017.05.31-07.29.47:246][ 25]LogStaticLightingSystem: Illumination: 14.7 sec (625 ms encoding lightmaps, 25 ms encoding shadowmaps)
[2017.05.31-07.29.47:246][ 25]LogStaticLightingSystem: Lightmap texture memory:  2.0 MB (2.0 MB streaming, 0.0 MB non-streaming), 4 textures
[2017.05.31-07.29.47:246][ 25]LogStaticLightingSystem: Shadowmap texture memory: 0.1 MB (0.1 MB streaming, 0.0 MB non-streaming), 2 textures
[2017.05.31-07.29.47:954][ 25]DumpUnbuiltLightIteractions
[2017.05.31-07.29.47:954][ 25]Lights with unbuilt interactions: 0
[2017.05.31-07.29.47:954][ 25]
[2017.05.31-07.29.47:954][ 25]Primitives with unbuilt interactions: 0
[2017.05.31-07.29.47:963][ 26]Cmd: MAP CHECK NOTIFYRESULTS
[2017.05.31-07.29.47:964][ 26]MapCheck: New page: CityOSLab - May 31, 2017, 11:29:47 AM
[2017.05.31-07.29.48:124][ 26]MapCheck: Info Map check complete: 0 Error(s), 0 Warning(s), took 160.402ms to complete.
[2017.05.31-07.30.06:975][875]Cmd: MAP LOAD FILE="../../../../../../CITYOS/CITYOS_LAB/UNREAL/PluralSightTutorial/Content/FirstPersonBP/Maps/CityOSLab.umap" TEMPLATE=0 SHOWPROGRESS=1 FEATURELEVEL=3
[2017.05.31-07.30.06:991][875]LightingResults: New page: Lighting Build
[2017.05.31-07.30.06:993][875]LoadErrors: New page: Loading map: CityOSLab.umap
[2017.05.31-07.30.06:996][875]MapCheck: New page: Map Check
[2017.05.31-07.30.06:996][875]LightingResults: New page: Lighting Build
[2017.05.31-07.30.07:042][875]LogAIModule: Creating AISystem for world CityOSLab
[2017.05.31-07.30.07:052][875]LogEditorServer: Finished looking for orphan Actors (0.000 secs)
[2017.05.31-07.30.07:083][875]Cmd: MAP CHECKDEP NOCLEARLOG
[2017.05.31-07.30.07:152][875]MapCheck: Info Map check complete: 0 Error(s), 0 Warning(s), took 68.899ms to complete.
[2017.05.31-07.30.07:152][875]LogFileHelpers: Loading map 'CityOSLab' took 0.178
[2017.05.31-07.30.07:156][875]LoadErrors:Error: Error /Game/FirstPersonBP/Maps/CityOSLab : Failed import for MapBuildDataRegistry /Game/FirstPersonBP/Maps/CityOSLab_BuiltData.CityOSLab_BuiltData
[2017.05.31-07.30.11:769][402]Cmd: MAP LOAD FILE="../../../../../../CITYOS/CITYOS_LAB/UNREAL/PluralSightTutorial/Content/FirstPersonBP/Maps/CityOSLabWireframe.umap" TEMPLATE=0 SHOWPROGRESS=1 FEATURELEVEL=3
[2017.05.31-07.30.11:793][402]LightingResults: New page: Lighting Build
[2017.05.31-07.30.11:795][402]LoadErrors: New page: Loading map: CityOSLabWireframe.umap
[2017.05.31-07.30.11:799][402]MapCheck: New page: Map Check
[2017.05.31-07.30.11:799][402]LightingResults: New page: Lighting Build
[2017.05.31-07.30.12:239][402]LogAIModule: Creating AISystem for world CityOSLabWireframe
[2017.05.31-07.30.12:271][402]LogEditorServer: Finished looking for orphan Actors (0.000 secs)
[2017.05.31-07.30.12:301][402]Cmd: MAP CHECKDEP NOCLEARLOG
[2017.05.31-07.30.12:372][402]MapCheck: Info Map check complete: 0 Error(s), 0 Warning(s), took 70.119ms to complete.
[2017.05.31-07.30.12:372][402]LogFileHelpers: Loading map 'CityOSLabWireframe' took 0.603
[2017.05.31-07.30.57:094][774]LogSlate: Only BGRA pngs, bmps or icos are supported in by External Image Picker
[2017.05.31-07.30.57:317][779]LogTemp:Display: Executing iPhonePackager certificates Engine -bundlename com.YourCompany.PluralSightTutorial

[2017.05.31-07.30.57:317][779]LogTemp:Display: CWD: D:\Program Files\Epic Games\UE_4.15\Engine\Binaries\DotNET\IOS

[2017.05.31-07.30.57:317][779]LogTemp:Display: Initial Dir: D:\Program Files\Epic Games\UE_4.15

[2017.05.31-07.30.57:317][779]LogTemp:Display: Env CWD: D:\Program Files\Epic Games\UE_4.15\Engine\Binaries\DotNET\IOS

[2017.05.31-07.30.57:331][780]LogTemp:Display: BranchPath = HARIS-PC/D/Program Files/Epic Games/UE_4.15/Engine/Binaries --- GameBranchPath = HARIS-PC/D/Program Files/Epic Games/UE_4.15/Engine/Binaries

[2017.05.31-07.30.57:438][787]LogTemp:Display: IPP ERROR: Application exception: System.IO.DirectoryNotFoundException: Could not find a part of the path 'C:\Users\feddy\AppData\Local\Apple Computer\MobileDevice\Provisioning Profiles'.

[2017.05.31-07.30.57:438][787]LogTemp:Display:    at System.IO.__Error.WinIOError(Int32 errorCode, String maybeFullPath)

[2017.05.31-07.30.57:438][787]LogTemp:Display:    at System.IO.FileSystemEnumerableIterator`1.CommonInit()

[2017.05.31-07.30.57:438][787]LogTemp:Display:    at System.IO.FileSystemEnumerableIterator`1..ctor(String path, String originalUserPath, String searchPattern, SearchOption searchOption, SearchResultHandler`1 resultHandler, Boolean checkHost)

[2017.05.31-07.30.57:438][787]LogTemp:Display:    at System.IO.Directory.EnumerateFiles(String path, String searchPattern)

[2017.05.31-07.30.57:438][787]LogTemp:Display:    at iPhonePackager.CodeSignatureBuilder.FindProvisions(String CFBundleIdentifier)

[2017.05.31-07.30.57:438][787]LogTemp:Display:    at iPhonePackager.Program.Main(String[] args)

[2017.05.31-07.31.15:341][566]LogSlate: Took 0.000287 seconds to synchronously load lazily loaded font '../../../Engine/Content/Slate/Fonts/Roboto-Light.ttf' (159K)
[2017.05.31-07.31.25:330][489]LogSavePackage: Save=179.05ms
[2017.05.31-07.31.25:330][489]LogSavePackage: Moving '../../../../../../CITYOS/CITYOS_LAB/UNREAL/PluralSightTutorial/Saved/CityOSLabWireframeC1704F0447DFA532B5D9B3B15882F1CF.tmp' to '../../../../../../CITYOS/CITYOS_LAB/UNREAL/PluralSightTutorial/Content/FirstPersonBP/Maps/CityOSLabWireframe.umap'
[2017.05.31-07.31.25:332][489]LogSavePackage:Display: Finished SavePackage ../../../../../../CITYOS/CITYOS_LAB/UNREAL/PluralSightTutorial/Content/FirstPersonBP/Maps/CityOSLabWireframe.umap
[2017.05.31-07.31.25:482][489]LogSavePackage: Save=106.25ms
[2017.05.31-07.31.25:482][489]LogSavePackage: Moving '../../../../../../CITYOS/CITYOS_LAB/UNREAL/PluralSightTutorial/Saved/CityOSLabWireframe_BuiltData1DE20F274CD2D8F0BD8BCCB27C5E2FA0.tmp' to '../../../../../../CITYOS/CITYOS_LAB/UNREAL/PluralSightTutorial/Content/FirstPersonBP/Maps/CityOSLabWireframe_BuiltData.uasset'
[2017.05.31-07.31.25:484][489]LogSavePackage:Display: Finished SavePackage ../../../../../../CITYOS/CITYOS_LAB/UNREAL/PluralSightTutorial/Content/FirstPersonBP/Maps/CityOSLabWireframe_BuiltData.uasset
[2017.05.31-07.32.31:439][371]Cmd: QUIT_EDITOR
[2017.05.31-07.32.31:514][371]LogExit: Preparing to exit.
[2017.05.31-07.32.31:812][371]LogDirectoryWatcher: A directory notification for 'D:/CITYOS/CITYOS_LAB/UNREAL/PluralSightTutorial/Content/' was aborted.
[2017.05.31-07.32.31:837][371]LogExit: Editor shut down
[2017.05.31-07.32.31:837][371]LogExit: Transaction tracking system shut down
[2017.05.31-07.32.31:892][371]LogObj: Freed 0b from 0 cluster array pools.
[2017.05.31-07.32.31:892][371]LogExit: Object subsystem successfully closed.
[2017.05.31-07.32.31:908][371]LogD3D11RHI: Shutdown
[2017.05.31-07.32.31:908][371]LogD3D11RHI: CleanupD3DDevice
[2017.05.31-07.32.31:955][371]LogD3D11RHI: ~FD3D11DynamicRHI
[2017.05.31-07.32.31:961][371]LogModuleManager: Shutting down and abandoning module ExternalImagePicker (500)
[2017.05.31-07.32.31:961][371]LogModuleManager: Shutting down and abandoning module HierarchicalLODUtilities (498)
[2017.05.31-07.32.31:961][371]LogModuleManager: Shutting down and abandoning module HierarchicalLODOutliner (496)
[2017.05.31-07.32.31:962][371]LogModuleManager: Shutting down and abandoning module CrashTracker (494)
[2017.05.31-07.32.31:962][371]LogModuleManager: Shutting down and abandoning module SceneOutliner (492)
[2017.05.31-07.32.31:962][371]LogModuleManager: Shutting down and abandoning module AddContentDialog (490)
[2017.05.31-07.32.31:962][371]LogDirectoryWatcher: A directory notification for 'D:/Program Files/Epic Games/UE_4.15/FeaturePacks/' was aborted.
[2017.05.31-07.32.31:963][371]LogModuleManager: Shutting down and abandoning module WidgetCarousel (489)
[2017.05.31-07.32.31:963][371]LogModuleManager: Shutting down and abandoning module EditorWidgets (486)
[2017.05.31-07.32.31:963][371]LogModuleManager: Shutting down and abandoning module CollectionManager (484)
[2017.05.31-07.32.31:963][371]LogDirectoryWatcher: A directory notification for 'D:/CITYOS/CITYOS_LAB/UNREAL/PluralSightTutorial/Content/Collections/' was aborted.
[2017.05.31-07.32.31:963][371]LogDirectoryWatcher: A directory notification for 'D:/CITYOS/CITYOS_LAB/UNREAL/PluralSightTutorial/Content/Developers/feddy/Collections/' was aborted.
[2017.05.31-07.32.31:963][371]LogDirectoryWatcher: A directory notification for 'D:/CITYOS/CITYOS_LAB/UNREAL/PluralSightTutorial/Saved/Collections/' was aborted.
[2017.05.31-07.32.31:963][371]LogModuleManager: Shutting down and abandoning module StatsViewer (482)
[2017.05.31-07.32.31:963][371]LogModuleManager: Shutting down and abandoning module FoliageEdit (480)
[2017.05.31-07.32.31:963][371]LogModuleManager: Shutting down and abandoning module LandscapeEditor (478)
[2017.05.31-07.32.31:963][371]LogModuleManager: Shutting down and abandoning module SceneDepthPickerMode (476)
[2017.05.31-07.32.31:963][371]LogModuleManager: Shutting down and abandoning module ActorPickerMode (474)
[2017.05.31-07.32.31:963][371]LogModuleManager: Shutting down and abandoning module GeometryMode (472)
[2017.05.31-07.32.31:963][371]LogModuleManager: Shutting down and abandoning module TextureAlignMode (470)
[2017.05.31-07.32.31:963][371]LogModuleManager: Shutting down and abandoning module BspMode (468)
[2017.05.31-07.32.31:963][371]LogModuleManager: Shutting down and abandoning module HardwareSurvey (466)
[2017.05.31-07.32.31:963][371]LogModuleManager: Shutting down and abandoning module SequenceRecorderSections (464)
[2017.05.31-07.32.31:963][371]LogModuleManager: Shutting down and abandoning module AutomationWorker (462)
[2017.05.31-07.32.31:963][371]LogModuleManager: Shutting down and abandoning module MatineeToLevelSequence (460)
[2017.05.31-07.32.31:963][371]LogModuleManager: Shutting down and abandoning module LevelSequenceEditor (458)
[2017.05.31-07.32.31:963][371]LogModuleManager: Shutting down and abandoning module PlacementMode (457)
[2017.05.31-07.32.31:963][371]LogModuleManager: Shutting down and abandoning module WmfMediaFactory (454)
[2017.05.31-07.32.31:963][371]LogModuleManager: Shutting down and abandoning module WmfMediaEditor (452)
[2017.05.31-07.32.31:963][371]LogModuleManager: Shutting down and abandoning module MfMediaFactory (450)
[2017.05.31-07.32.31:963][371]LogModuleManager: Shutting down and abandoning module MfMediaEditor (448)
[2017.05.31-07.32.31:963][371]LogModuleManager: Shutting down and abandoning module AvfMediaFactory (446)
[2017.05.31-07.32.31:963][371]LogModuleManager: Shutting down and abandoning module AvfMediaEditor (444)
[2017.05.31-07.32.31:963][371]LogModuleManager: Shutting down and abandoning module AndroidMediaFactory (442)
[2017.05.31-07.32.31:963][371]LogModuleManager: Shutting down and abandoning module Media (441)
[2017.05.31-07.32.31:963][371]LogModuleManager: Shutting down and abandoning module AndroidMediaEditor (438)
[2017.05.31-07.32.31:963][371]LogModuleManager: Shutting down and abandoning module CharacterAI (436)
[2017.05.31-07.32.31:963][371]LogModuleManager: Shutting down and abandoning module AudioCapture (434)
[2017.05.31-07.32.31:963][371]LogModuleManager: Shutting down and abandoning module SequenceRecorder (433)
[2017.05.31-07.32.31:963][371]LogModuleManager: Shutting down and abandoning module SmartSnapping (430)
[2017.05.31-07.32.31:963][371]LogModuleManager: Shutting down and abandoning module SessionServices (428)
[2017.05.31-07.32.31:963][371]LogModuleManager: Shutting down and abandoning module ViewportSnapping (426)
[2017.05.31-07.32.31:963][371]LogModuleManager: Shutting down and abandoning module ViewportInteraction (424)
[2017.05.31-07.32.31:963][371]LogModuleManager: Shutting down and abandoning module LogVisualizer (422)
[2017.05.31-07.32.31:963][371]LogModuleManager: Shutting down and abandoning module IntroTutorials (420)
[2017.05.31-07.32.31:964][371]LogModuleManager: Shutting down and abandoning module GameProjectGeneration (419)
[2017.05.31-07.32.31:964][371]LogModuleManager: Shutting down and abandoning module EditorLiveStreaming (416)
[2017.05.31-07.32.31:964][371]LogModuleManager: Shutting down and abandoning module IOSPlatformEditor (414)
[2017.05.31-07.32.31:964][371]LogModuleManager: Shutting down and abandoning module HTML5PlatformEditor (412)
[2017.05.31-07.32.31:964][371]LogModuleManager: Shutting down and abandoning module AndroidPlatformEditor (410)
[2017.05.31-07.32.31:964][371]LogModuleManager: Shutting down and abandoning module AndroidDeviceDetection (409)
[2017.05.31-07.32.32:323][371]LogModuleManager: Shutting down and abandoning module IOSRuntimeSettings (406)
[2017.05.31-07.32.32:323][371]LogModuleManager: Shutting down and abandoning module AndroidRuntimeSettings (404)
[2017.05.31-07.32.32:323][371]LogModuleManager: Shutting down and abandoning module InputBindingEditor (402)
[2017.05.31-07.32.32:323][371]LogModuleManager: Shutting down and abandoning module NiagaraEditor (400)
[2017.05.31-07.32.32:323][371]LogModuleManager: Shutting down and abandoning module MergeActors (398)
[2017.05.31-07.32.32:323][371]LogModuleManager: Shutting down and abandoning module SizeMap (396)
[2017.05.31-07.32.32:323][371]LogModuleManager: Shutting down and abandoning module TreeMap (394)
[2017.05.31-07.32.32:323][371]LogModuleManager: Shutting down and abandoning module ReferenceViewer (392)
[2017.05.31-07.32.32:323][371]LogModuleManager: Shutting down and abandoning module LocalizationDashboard (390)
[2017.05.31-07.32.32:323][371]LogModuleManager: Shutting down and abandoning module LocalizationService (389)
[2017.05.31-07.32.32:323][371]LogModuleManager: Shutting down and abandoning module HardwareTargeting (386)
[2017.05.31-07.32.32:323][371]LogModuleManager: Shutting down and abandoning module DeviceProfileEditor (384)
[2017.05.31-07.32.32:323][371]LogModuleManager: Shutting down and abandoning module UndoHistory (382)
[2017.05.31-07.32.32:323][371]LogModuleManager: Shutting down and abandoning module UserFeedback (380)
[2017.05.31-07.32.32:323][371]LogModuleManager: Shutting down and abandoning module XmlParser (378)
[2017.05.31-07.32.32:323][371]LogModuleManager: Shutting down and abandoning module Blutility (376)
[2017.05.31-07.32.32:323][371]LogModuleManager: Shutting down and abandoning module ProjectSettingsViewer (374)
[2017.05.31-07.32.32:323][371]LogModuleManager: Shutting down and abandoning module ProjectTargetPlatformEditor (373)
[2017.05.31-07.32.32:324][371]LogModuleManager: Shutting down and abandoning module EditorSettingsViewer (370)
[2017.05.31-07.32.32:324][371]LogModuleManager: Shutting down and abandoning module SettingsEditor (368)
[2017.05.31-07.32.32:324][371]LogModuleManager: Shutting down and abandoning module ProjectLauncher (366)
[2017.05.31-07.32.32:324][371]LogModuleManager: Shutting down and abandoning module SessionFrontend (364)
[2017.05.31-07.32.32:324][371]LogModuleManager: Shutting down and abandoning module ProfilerClient (362)
[2017.05.31-07.32.32:324][371]LogModuleManager: Shutting down and abandoning module DeviceManager (360)
[2017.05.31-07.32.32:324][371]LogModuleManager: Shutting down and abandoning module TargetDeviceServices (359)
[2017.05.31-07.32.32:374][371]LogModuleManager: Shutting down and abandoning module AutomationController (356)
[2017.05.31-07.32.32:374][371]LogModuleManager: Shutting down and abandoning module AutomationWindow (354)
[2017.05.31-07.32.32:374][371]LogModuleManager: Shutting down and abandoning module Layers (352)
[2017.05.31-07.32.32:374][371]LogModuleManager: Shutting down and abandoning module ComponentVisualizers (350)
[2017.05.31-07.32.32:374][371]LogModuleManager: Shutting down and abandoning module DetailCustomizations (348)
[2017.05.31-07.32.32:374][371]LogModuleManager: Shutting down and abandoning module PackagesDialog (346)
[2017.05.31-07.32.32:374][371]LogModuleManager: Shutting down and abandoning module Persona (344)
[2017.05.31-07.32.32:374][371]LogModuleManager: Shutting down and abandoning module AnimGraph (343)
[2017.05.31-07.32.32:374][371]LogModuleManager: Shutting down and abandoning module Kismet (340)
[2017.05.31-07.32.32:374][371]LogModuleManager: Shutting down and abandoning module GraphEditor (338)
[2017.05.31-07.32.32:375][371]LogModuleManager: Shutting down and abandoning module ClassViewer (336)
[2017.05.31-07.32.32:375][371]LogModuleManager: Shutting down and abandoning module Toolbox (334)
[2017.05.31-07.32.32:375][371]LogModuleManager: Shutting down and abandoning module ModuleUI (332)
[2017.05.31-07.32.32:375][371]LogModuleManager: Shutting down and abandoning module MovieSceneTools (330)
[2017.05.31-07.32.32:375][371]LogModuleManager: Shutting down and abandoning module OutputLog (328)
[2017.05.31-07.32.32:375][371]LogModuleManager: Shutting down and abandoning module GammaUI (326)
[2017.05.31-07.32.32:375][371]LogModuleManager: Shutting down and abandoning module Documentation (324)
[2017.05.31-07.32.32:375][371]LogModuleManager: Shutting down and abandoning module Niagara (322)
[2017.05.31-07.32.32:375][371]LogModuleManager: Shutting down and abandoning module StreamingPauseRendering (320)
[2017.05.31-07.32.32:375][371]LogModuleManager: Shutting down and abandoning module AnalyticsET (318)
[2017.05.31-07.32.32:375][371]LogModuleManager: Shutting down and abandoning module PortalServices (316)
[2017.05.31-07.32.32:375][371]LogModuleManager: Shutting down and abandoning module PortalRpc (314)
[2017.05.31-07.32.32:375][371]LogModuleManager: Shutting down and abandoning module MessagingRpc (312)
[2017.05.31-07.32.32:375][371]LogModuleManager: Shutting down and abandoning module AIModule (310)
[2017.05.31-07.32.32:375][371]LogModuleManager: Shutting down and abandoning module GameplayDebugger (309)
[2017.05.31-07.32.32:375][371]LogModuleManager: Shutting down and abandoning module AITestSuite (307)
[2017.05.31-07.32.32:375][371]LogModuleManager: Shutting down and abandoning module ProfilerService (304)
[2017.05.31-07.32.32:423][371]LogModuleManager: Shutting down and abandoning module TaskGraph (302)
[2017.05.31-07.32.32:423][371]LogModuleManager: Shutting down and abandoning module SteamVRController (300)
[2017.05.31-07.32.32:423][371]LogModuleManager: Shutting down and abandoning module SteamVR (298)
[2017.05.31-07.32.32:423][371]LogModuleManager: Shutting down and abandoning module ProceduralMeshComponentEditor (296)
[2017.05.31-07.32.32:423][371]LogModuleManager: Shutting down and abandoning module ProceduralMeshComponent (294)
[2017.05.31-07.32.32:423][371]LogModuleManager: Shutting down and abandoning module OculusLibrary (292)
[2017.05.31-07.32.32:423][371]LogModuleManager: Shutting down and abandoning module OculusInput (290)
[2017.05.31-07.32.32:423][371]LogModuleManager: Shutting down and abandoning module MobilePatchingUtils (288)
[2017.05.31-07.32.32:423][371]LogModuleManager: Shutting down and abandoning module CustomMeshComponent (286)
[2017.05.31-07.32.32:423][371]LogModuleManager: Shutting down and abandoning module CableComponent (284)
[2017.05.31-07.32.32:423][371]LogModuleManager: Shutting down and abandoning module ArchVisCharacter (282)
[2017.05.31-07.32.32:423][371]LogModuleManager: Shutting down and abandoning module MediaPlayerEditor (278)
[2017.05.31-07.32.32:423][371]LogModuleManager: Shutting down and abandoning module HTML5Networking (276)
[2017.05.31-07.32.32:423][371]LogModuleManager: Shutting down and abandoning module AlembicImporter (274)
[2017.05.31-07.32.32:423][371]LogModuleManager: Shutting down and abandoning module AlembicLibrary (273)
[2017.05.31-07.32.32:423][371]LogModuleManager: Shutting down and abandoning module GeometryCache (272)
[2017.05.31-07.32.32:423][371]LogModuleManager: Shutting down and abandoning module GeometryCacheEd (271)
[2017.05.31-07.32.32:423][371]LogModuleManager: Shutting down and abandoning module SuperSearchEditor (266)
[2017.05.31-07.32.32:423][371]LogModuleManager: Shutting down and abandoning module SuperSearch (265)
[2017.05.31-07.32.32:423][371]LogModuleManager: Shutting down and abandoning module SpeedTreeImporter (262)
[2017.05.31-07.32.32:423][371]LogModuleManager: Shutting down and abandoning module PluginBrowser (260)
[2017.05.31-07.32.32:423][371]LogModuleManager: Shutting down and abandoning module MobileLauncherProfileWizard (258)
[2017.05.31-07.32.32:424][371]LogModuleManager: Shutting down and abandoning module EpicSurvey (256)
[2017.05.31-07.32.32:424][371]LogModuleManager: Shutting down and abandoning module VisualStudioSourceCodeAccess (254)
[2017.05.31-07.32.32:424][371]LogModuleManager: Shutting down and abandoning module DesktopPlatform (253)
[2017.05.31-07.32.32:424][371]LogModuleManager: Shutting down and abandoning module UObjectPlugin (250)
[2017.05.31-07.32.32:424][371]LogModuleManager: Shutting down and abandoning module SubversionSourceControl (248)
[2017.05.31-07.32.32:424][371]LogModuleManager: Shutting down and abandoning module PerforceSourceControl (246)
[2017.05.31-07.32.32:424][371]LogModuleManager: Shutting down and abandoning module GitSourceControl (244)
[2017.05.31-07.32.32:424][371]LogModuleManager: Shutting down and abandoning module SourceControl (243)
[2017.05.31-07.32.32:424][371]LogModuleManager: Shutting down and abandoning module LightPropagationVolumeEditor (240)
[2017.05.31-07.32.32:424][371]LogModuleManager: Shutting down and abandoning module PaperTiledImporter (238)
[2017.05.31-07.32.32:424][371]LogModuleManager: Shutting down and abandoning module PaperSpriteSheetImporter (236)
[2017.05.31-07.32.32:424][371]LogModuleManager: Shutting down and abandoning module Paper2DEditor (234)
[2017.05.31-07.32.32:424][371]LogModuleManager: Shutting down and abandoning module MeshPaint (233)
[2017.05.31-07.32.32:424][371]LogModuleManager: Shutting down and abandoning module LevelEditor (231)
[2017.05.31-07.32.32:424][371]LogModuleManager: Shutting down and abandoning module PixelInspectorModule (230)
[2017.05.31-07.32.32:424][371]LogModuleManager: Shutting down and abandoning module MainFrame (228)
[2017.05.31-07.32.32:424][371]LogModuleManager: Shutting down and abandoning module HotReload (227)
[2017.05.31-07.32.32:425][371]LogModuleManager: Shutting down and abandoning module ContentBrowser (223)
[2017.05.31-07.32.32:425][371]LogModuleManager: Shutting down and abandoning module PhysXVehiclesEditor (220)
[2017.05.31-07.32.32:426][371]LogModuleManager: Shutting down and abandoning module PhysXVehicles (218)
[2017.05.31-07.32.32:426][371]LogModuleManager: Shutting down and abandoning module LocationServicesBPLibrary (216)
[2017.05.31-07.32.32:426][371]LogModuleManager: Shutting down and abandoning module UdpMessaging (214)
[2017.05.31-07.32.32:526][371]LogModuleManager: Shutting down and abandoning module TcpMessaging (212)
[2017.05.31-07.32.32:626][371]LogModuleManager: Shutting down and abandoning module GameplayTagsEditor (210)
[2017.05.31-07.32.32:626][371]LogModuleManager: Shutting down and abandoning module FacialAnimationEditor (208)
[2017.05.31-07.32.32:626][371]LogModuleManager: Shutting down and abandoning module FacialAnimation (206)
[2017.05.31-07.32.32:626][371]LogModuleManager: Shutting down and abandoning module LightPropagationVolumeRuntime (204)
[2017.05.31-07.32.32:626][371]LogModuleManager: Shutting down and abandoning module Paper2D (202)
[2017.05.31-07.32.32:626][371]LogModuleManager: Shutting down and abandoning module WindowsMoviePlayer (200)
[2017.05.31-07.32.32:626][371]LogModuleManager: Shutting down and abandoning module WmfMedia (198)
[2017.05.31-07.32.32:626][371]LogModuleManager: Shutting down and abandoning module MfMedia (196)
[2017.05.31-07.32.32:626][371]LogModuleManager: Shutting down and abandoning module MediaAssets (194)
[2017.05.31-07.32.32:626][371]LogModuleManager: Shutting down and abandoning module GameLiveStreaming (192)
[2017.05.31-07.32.32:626][371]LogModuleManager: Shutting down and abandoning module VREditor (190)
[2017.05.31-07.32.32:626][371]LogModuleManager: Shutting down and abandoning module GameplayTasksEditor (188)
[2017.05.31-07.32.32:626][371]LogModuleManager: Shutting down and abandoning module BehaviorTreeEditor (186)
[2017.05.31-07.32.32:626][371]LogModuleManager: Shutting down and abandoning module FunctionalTesting (184)
[2017.05.31-07.32.32:626][371]LogModuleManager: Shutting down and abandoning module CollisionAnalyzer (182)
[2017.05.31-07.32.32:626][371]LogModuleManager: Shutting down and abandoning module UMG (180)
[2017.05.31-07.32.32:626][371]LogModuleManager: Shutting down and abandoning module UMGEditor (179)
[2017.05.31-07.32.32:626][371]LogModuleManager: Shutting down and abandoning module Sequencer (178)
[2017.05.31-07.32.32:627][371]LogModuleManager: Shutting down and abandoning module AssetTools (176)
[2017.05.31-07.32.32:627][371]LogModuleManager: Shutting down and abandoning module MessageLog (175)
[2017.05.31-07.32.32:627][371]LogModuleManager: Shutting down and abandoning module WorkspaceMenuStructure (174)
[2017.05.31-07.32.32:627][371]LogModuleManager: Shutting down and abandoning module SlateReflector (168)
[2017.05.31-07.32.32:627][371]LogModuleManager: Shutting down and abandoning module Slate (166)
[2017.05.31-07.32.32:627][371]LogModuleManager: Shutting down and abandoning module EditorStyle (164)
[2017.05.31-07.32.32:628][371]LogModuleManager: Shutting down and abandoning module SourceCodeAccess (162)
[2017.05.31-07.32.32:628][371]LogModuleManager: Shutting down and abandoning module HeadMountedDisplay (160)
[2017.05.31-07.32.32:628][371]LogModuleManager: Shutting down and abandoning module XAudio2 (158)
[2017.05.31-07.32.32:628][371]LogModuleManager: Shutting down and abandoning module Networking (156)
[2017.05.31-07.32.32:628][371]LogModuleManager: Shutting down and abandoning module Core (152)
[2017.05.31-07.32.32:628][371]LogModuleManager: Shutting down and abandoning module AssetRegistry (150)
[2017.05.31-07.32.32:773][371]LogDirectoryWatcher: A directory notification for '../../../Engine/Content/' was aborted.
[2017.05.31-07.32.32:773][371]LogDirectoryWatcher: A directory notification for '../../../../../../CITYOS/CITYOS_LAB/UNREAL/PluralSightTutorial/Content/' was aborted.
[2017.05.31-07.32.32:774][371]LogDirectoryWatcher: A directory notification for '../../../Engine/Plugins/2D/Paper2D/Content/' was aborted.
[2017.05.31-07.32.32:774][371]LogModuleManager: Shutting down and abandoning module DirectoryWatcher (149)
[2017.05.31-07.32.32:774][371]LogModuleManager: Shutting down and abandoning module KismetCompiler (146)
[2017.05.31-07.32.32:774][371]LogModuleManager: Shutting down and abandoning module PhysXFormats (144)
[2017.05.31-07.32.32:774][371]LogModuleManager: Shutting down and abandoning module MeshUtilities (142)
[2017.05.31-07.32.32:774][371]LogModuleManager: Shutting down and abandoning module SimplygonSwarm (141)
[2017.05.31-07.32.32:774][371]LogModuleManager: Shutting down and abandoning module SimplygonMeshReduction (139)
[2017.05.31-07.32.32:774][371]LogModuleManager: Shutting down and abandoning module QuadricMeshReduction (137)
[2017.05.31-07.32.32:774][371]LogModuleManager: Shutting down and abandoning module PropertyEditor (135)
[2017.05.31-07.32.32:774][371]LogModuleManager: Shutting down and abandoning module DerivedDataCache (132)
[2017.05.31-07.32.32:787][371]LogDerivedDataCache: Shutdown
[2017.05.31-07.32.32:787][371]LogModuleManager: Shutting down and abandoning module TargetPlatform (130)
[2017.05.31-07.32.32:787][371]LogModuleManager: Shutting down and abandoning module VulkanShaderFormat (129)
[2017.05.31-07.32.32:787][371]LogModuleManager: Shutting down and abandoning module ShaderFormatOpenGL (127)
[2017.05.31-07.32.32:787][371]LogModuleManager: Shutting down and abandoning module ShaderFormatD3D (125)
[2017.05.31-07.32.32:787][371]LogModuleManager: Shutting down and abandoning module MetalShaderFormat (123)
[2017.05.31-07.32.32:787][371]LogModuleManager: Shutting down and abandoning module TextureFormatUncompressed (121)
[2017.05.31-07.32.32:787][371]LogModuleManager: Shutting down and abandoning module TextureFormatPVR (119)
[2017.05.31-07.32.32:787][371]LogModuleManager: Shutting down and abandoning module TextureFormatDXT (117)
[2017.05.31-07.32.32:787][371]LogModuleManager: Shutting down and abandoning module TextureFormatIntelISPCTexComp (115)
[2017.05.31-07.32.32:787][371]LogModuleManager: Shutting down and abandoning module TextureFormatASTC (113)
[2017.05.31-07.32.32:787][371]LogModuleManager: Shutting down and abandoning module ImageWrapper (112)
[2017.05.31-07.32.32:787][371]LogModuleManager: Shutting down and abandoning module TextureFormatAndroid (109)
[2017.05.31-07.32.32:787][371]LogModuleManager: Shutting down and abandoning module AudioFormatOpus (107)
[2017.05.31-07.32.32:787][371]LogModuleManager: Shutting down and abandoning module AudioFormatOgg (105)
[2017.05.31-07.32.32:787][371]LogModuleManager: Shutting down and abandoning module AudioFormatADPCM (103)
[2017.05.31-07.32.32:787][371]LogModuleManager: Shutting down and abandoning module LinuxTargetPlatform (101)
[2017.05.31-07.32.32:787][371]LogModuleManager: Shutting down and abandoning module LinuxServerTargetPlatform (99)
[2017.05.31-07.32.32:787][371]LogModuleManager: Shutting down and abandoning module LinuxNoEditorTargetPlatform (97)
[2017.05.31-07.32.32:787][371]LogModuleManager: Shutting down and abandoning module LinuxClientTargetPlatform (95)
[2017.05.31-07.32.32:787][371]LogModuleManager: Shutting down and abandoning module TVOSTargetPlatform (93)
[2017.05.31-07.32.32:787][371]LogModuleManager: Shutting down and abandoning module Messaging (91)
[2017.05.31-07.32.32:787][371]LogModuleManager: Shutting down and abandoning module IOSTargetPlatform (89)
[2017.05.31-07.32.32:787][371]LogModuleManager: Shutting down and abandoning module HTML5TargetPlatform (87)
[2017.05.31-07.32.32:787][371]LogModuleManager: Shutting down and abandoning module Android_PVRTCTargetPlatform (85)
[2017.05.31-07.32.32:787][371]LogModuleManager: Shutting down and abandoning module Android_MultiTargetPlatform (83)
[2017.05.31-07.32.32:787][371]LogModuleManager: Shutting down and abandoning module Android_ETC2TargetPlatform (81)
[2017.05.31-07.32.32:787][371]LogModuleManager: Shutting down and abandoning module Android_ETC1TargetPlatform (79)
[2017.05.31-07.32.32:787][371]LogModuleManager: Shutting down and abandoning module Android_DXTTargetPlatform (77)
[2017.05.31-07.32.32:787][371]LogModuleManager: Shutting down and abandoning module Android_ATCTargetPlatform (75)
[2017.05.31-07.32.32:787][371]LogModuleManager: Shutting down and abandoning module Android_ASTCTargetPlatform (73)
[2017.05.31-07.32.32:788][371]LogModuleManager: Shutting down and abandoning module AndroidTargetPlatform (71)
[2017.05.31-07.32.32:788][371]LogModuleManager: Shutting down and abandoning module WindowsTargetPlatform (69)
[2017.05.31-07.32.32:788][371]LogModuleManager: Shutting down and abandoning module WindowsServerTargetPlatform (67)
[2017.05.31-07.32.32:788][371]LogModuleManager: Shutting down and abandoning module WindowsNoEditorTargetPlatform (65)
[2017.05.31-07.32.32:788][371]LogModuleManager: Shutting down and abandoning module WindowsClientTargetPlatform (63)
[2017.05.31-07.32.32:788][371]LogModuleManager: Shutting down and abandoning module MacTargetPlatform (61)
[2017.05.31-07.32.32:788][371]LogModuleManager: Shutting down and abandoning module MacServerTargetPlatform (59)
[2017.05.31-07.32.32:788][371]LogModuleManager: Shutting down and abandoning module MacNoEditorTargetPlatform (57)
[2017.05.31-07.32.32:788][371]LogModuleManager: Shutting down and abandoning module MacClientTargetPlatform (55)
[2017.05.31-07.32.32:788][371]LogModuleManager: Shutting down and abandoning module AllDesktopTargetPlatform (53)
[2017.05.31-07.32.32:788][371]LogModuleManager: Shutting down and abandoning module InputCore (50)
[2017.05.31-07.32.32:788][371]LogModuleManager: Shutting down and abandoning module Settings (48)
[2017.05.31-07.32.32:788][371]LogModuleManager: Shutting down and abandoning module OculusRift (46)
[2017.05.31-07.32.32:788][371]LogModuleManager: Shutting down and abandoning module ExampleDeviceProfileSelector (44)
[2017.05.31-07.32.32:788][371]LogModuleManager: Shutting down and abandoning module OnlineBlueprintSupport (42)
[2017.05.31-07.32.32:788][371]LogModuleManager: Shutting down and abandoning module OnlineSubsystem (38)
[2017.05.31-07.32.32:788][371]LogOnline:Display: Unloading online subsystem: NULL
[2017.05.31-07.32.32:788][371]LogModuleManager: Shutting down and abandoning module XMPP (37)
[2017.05.31-07.32.32:788][371]LogModuleManager: Shutting down and abandoning module HTTP (35)
[2017.05.31-07.32.32:788][371]LogHttp:Display: Http module shutting down, but needs to wait on 1 outstanding Http requests:
[2017.05.31-07.32.32:788][371]LogHttp:Display: 	verb=[POST] url=[https://datarouter.ol.epicgames.com/datarouter/api/v1/public/data?SessionID=%7B0A12F8C3-4C6A-E8B4-F700-3F8A02CFE84B%7D&AppID=UEEditor.Rocket.Release&AppVersion=4.15.0-3299760%2B%2B%2BUE4%2BRelease-4.15&UserID=44d5cff44126aeb25d31fb9b02988ef9%7C070c8072f17a44c39e22fbeeee73e78d%7C3a17cc72-0349-4197-a8da-e322f967864a&AppEnvironment=datacollector-binary&UploadType=eteventstream] status=Processing
[2017.05.31-07.32.32:820][371]LogModuleManager: Shutting down and abandoning module SSL (34)
[2017.05.31-07.32.32:822][371]LogModuleManager: Shutting down and abandoning module AudioEditor (30)
[2017.05.31-07.32.32:822][371]LogModuleManager: Shutting down and abandoning module TextureCompressor (28)
[2017.05.31-07.32.32:822][371]LogModuleManager: Shutting down and abandoning module ShaderCore (26)
[2017.05.31-07.32.32:822][371]LogModuleManager: Shutting down and abandoning module Landscape (24)
[2017.05.31-07.32.32:822][371]LogModuleManager: Shutting down and abandoning module SlateRHIRenderer (22)
[2017.05.31-07.32.32:823][371]LogModuleManager: Shutting down and abandoning module OpenGLDrv (20)
[2017.05.31-07.32.32:823][371]LogModuleManager: Shutting down and abandoning module D3D11RHI (18)
[2017.05.31-07.32.32:823][371]LogModuleManager: Shutting down and abandoning module AnimGraphRuntime (16)
[2017.05.31-07.32.32:823][371]LogModuleManager: Shutting down and abandoning module Renderer (14)
[2017.05.31-07.32.32:823][371]LogModuleManager: Shutting down and abandoning module Engine (12)
[2017.05.31-07.32.32:823][371]LogModuleManager: Shutting down and abandoning module CoreUObject (10)
[2017.05.31-07.32.32:823][371]LogModuleManager: Shutting down and abandoning module NetworkFile (8)
[2017.05.31-07.32.32:823][371]LogModuleManager: Shutting down and abandoning module StreamingFile (6)
[2017.05.31-07.32.32:823][371]LogModuleManager: Shutting down and abandoning module SandboxFile (4)
[2017.05.31-07.32.32:823][371]LogModuleManager: Shutting down and abandoning module PakFile (2)
[2017.05.31-07.32.32:825][371]LogExit: Exiting.
[2017.05.31-07.32.32:826][371]Log file closed, 05/31/17 09:32:32
