Log file open, 05/24/17 22:57:15
LogInit:Display: Running engine for game: PluralSightTutorial
LogPlatformFile: Not using cached read wrapper
LogInit:Display: RandInit(1338802492) SRandInit(1338802492).
LogTaskGraph: Started task graph with 5 named threads and 8 total threads with 1 sets of task threads.
LogStats: Stats thread started at 0.091299
LogInit: Using libcurl 7.47.1
LogInit:  - built for x86_64-pc-win32
LogInit:  - supports SSL with OpenSSL/1.0.2g
LogInit:  - supports HTTP deflate (compression) using libz 1.2.8
LogInit:  - other features:
LogInit:      CURL_VERSION_SSL
LogInit:      CURL_VERSION_LIBZ
LogInit:      CURL_VERSION_IPV6
LogInit:      CURL_VERSION_ASYNCHDNS
LogInit:      CURL_VERSION_LARGEFILE
LogInit:      CURL_VERSION_IDN
LogInit:  CurlRequestOptions (configurable via config and command line):
LogInit:  - bVerifyPeer = false  - Libcurl will NOT verify peer certificate
LogInit:  - bUseHttpProxy = false  - Libcurl will NOT use HTTP proxy
LogInit:  - bDontReuseConnections = false  - Libcurl will reuse connections
LogInit:  - CertBundlePath = nullptr  - Libcurl will use whatever was configured at build time.
LogInit: Build: ++UE4+Release-4.15-CL-3299760
LogInit: Engine Version: 4.15.0-3299760+++UE4+Release-4.15
LogInit: Compatible Engine Version: 4.15.0-3299760+++UE4+Release-4.15
LogInit: Net CL: 3299760
LogDevObjectVersion: Number of dev versions registered: 14
LogDevObjectVersion:   Dev-Blueprints (B0D832E4-1F89-4F0D-ACCF-7EB736FD4AA2): 8
LogDevObjectVersion:   Dev-Build (E1C64328-A22C-4D53-A36C-8E866417BD8C): 0
LogDevObjectVersion:   Dev-Core (375EC13C-06E4-48FB-B500-84F0262A717E): 2
LogDevObjectVersion:   Dev-Editor (E4B068ED-F494-42E9-A231-DA0B2E46BB41): 14
LogDevObjectVersion:   Dev-Framework (CFFC743F-43B0-4480-9391-14DF171D2073): 22
LogDevObjectVersion:   Dev-Mobile (B02B49B5-BB20-44E9-A304-32B752E40360): 0
LogDevObjectVersion:   Dev-Networking (A4E4105C-59A1-49B5-A7C5-40C4547EDFEE): 0
LogDevObjectVersion:   Dev-Online (39C831C9-5AE6-47DC-9A44-9C173E1C8E7C): 0
LogDevObjectVersion:   Dev-Physics (78F01B33-EBEA-4F98-B9B4-84EACCB95AA2): 0
LogDevObjectVersion:   Dev-Platform (6631380F-2D4D-43E0-8009-CF276956A95A): 0
LogDevObjectVersion:   Dev-Rendering (12F88B9F-8875-4AFC-A67C-D90C383ABD29): 12
LogDevObjectVersion:   Dev-Sequencer (7B5AE74C-D270-4C10-A958-57980B212A5A): 3
LogDevObjectVersion:   Dev-VR (D7296918-1DD6-4BDD-9DE2-64A83CC13884): 0
LogDevObjectVersion:   Dev-LoadTimes (C2A15278-BFE7-4AFE-6C17-90FF531DF755): 1
LogInit: Compiled (64-bit): Feb 14 2017 02:04:14
LogInit: Compiled with Visual C++: 19.00.23026.00
LogInit: Build Configuration: Development
LogInit: Branch Name: ++UE4+Release-4.15
LogInit: Command line: -EpicPortal 
LogInit: Base directory: D:/Program Files/Epic Games/UE_4.15/Engine/Binaries/Win64/
LogInit: Installed Engine Build: 1
LogInit: Presizing for max 8388607 objects, including 0 objects not considered by GC, pre-allocating 0 bytes for permanent pool.
LogInit: Object subsystem initialized
[2017.05.24-20.57.17:401][  0]LogInit: Selected Device Profile: [Windows]
[2017.05.24-20.57.17:401][  0]LogInit: Applying CVar settings loaded from the selected device profile: [Windows]
[2017.05.24-20.57.17:428][  0]LogInit: Computer: HARIS-PC
[2017.05.24-20.57.17:428][  0]LogInit: User: feddy
[2017.05.24-20.57.17:428][  0]LogInit: CPU Page size=65536, Cores=4
[2017.05.24-20.57.17:428][  0]LogInit: High frequency timer resolution =3.331269 MHz
[2017.05.24-20.57.17:428][  0]LogMemory: Memory total: Physical=16.0GB (16GB approx)
[2017.05.24-20.57.17:428][  0]LogMemory: Platform Memory Stats for Windows
[2017.05.24-20.57.17:428][  0]LogMemory: Process Physical Memory: 263.71 MB used, 263.71 MB peak
[2017.05.24-20.57.17:428][  0]LogMemory: Process Virtual Memory: 265.48 MB used, 265.48 MB peak
[2017.05.24-20.57.17:428][  0]LogMemory: Physical Memory: 6247.00 MB used,  10104.14 MB free, 16351.14 MB total
[2017.05.24-20.57.17:428][  0]LogMemory: Virtual Memory: 631.77 MB used,  10104.14 MB free, 8388608.00 MB total
[2017.05.24-20.57.17:783][  0]LogTextLocalizationManager: No specific translations for ('en-US') exist, so ('en') translations will be used.
[2017.05.24-20.57.18:496][  0]LogD3D11RHI: D3D11 adapters:
[2017.05.24-20.57.18:520][  0]LogD3D11RHI:    0. 'NVIDIA GeForce GTX 970' (Feature Level 11_0)
[2017.05.24-20.57.18:520][  0]LogD3D11RHI:       4008/0/7919 MB DedicatedVideo/DedicatedSystem/SharedSystem, Outputs:2, VendorId:0x10de
[2017.05.24-20.57.18:520][  0]LogD3D11RHI: Chosen D3D11 Adapter: 0
[2017.05.24-20.57.18:525][  0]LogD3D11RHI: Creating new Direct3DDevice
[2017.05.24-20.57.18:525][  0]LogD3D11RHI:     GPU DeviceId: 0x13c2 (for the marketing name, search the web for "GPU Device Id")
[2017.05.24-20.57.18:525][  0]LogWindows: EnumDisplayDevices:
[2017.05.24-20.57.18:525][  0]LogWindows:    0. 'NVIDIA GeForce GTX 970' (P:1 D:1)
[2017.05.24-20.57.18:526][  0]LogWindows:    1. 'NVIDIA GeForce GTX 970' (P:0 D:1)
[2017.05.24-20.57.18:526][  0]LogWindows:    2. 'NVIDIA GeForce GTX 970' (P:0 D:0)
[2017.05.24-20.57.18:526][  0]LogWindows:    3. 'NVIDIA GeForce GTX 970' (P:0 D:0)
[2017.05.24-20.57.18:526][  0]LogWindows:    4. 'RDPDD Chained DD' (P:0 D:0)
[2017.05.24-20.57.18:526][  0]LogWindows:    5. 'RDP Encoder Mirror Driver' (P:0 D:0)
[2017.05.24-20.57.18:527][  0]LogWindows:    6. 'RDP Reflector Display Driver' (P:0 D:0)
[2017.05.24-20.57.18:527][  0]LogWindows: DebugString: GetVideoDriverDetailsInvalid PrimaryIsNotTheChoosenAdapter GetVideoDriverDetailsInvalid PrimaryIsNotTheChoosenAdapter GetVideoDriverDetailsInvalid PrimaryIsNotTheChoosenAdapter FoundDriverCount:4 
[2017.05.24-20.57.18:527][  0]LogD3D11RHI:     Adapter Name: NVIDIA GeForce GTX 970
[2017.05.24-20.57.18:527][  0]LogD3D11RHI:   Driver Version: 358.87 (internal:10.18.13.5887, unified:358.87)
[2017.05.24-20.57.18:527][  0]LogD3D11RHI:      Driver Date: 11-2-2015
[2017.05.24-20.57.18:527][  0]LogRHI: Texture pool is 1361 MB (70% of 1945 MB)
[2017.05.24-20.57.18:537][  0]LogD3D11RHI: NvAPI_D3D_GetCurrentSLIState failed: 0xfffffff7
[2017.05.24-20.57.18:537][  0]LogD3D11RHI: Async texture creation enabled
[2017.05.24-20.57.18:552][  0]LogD3D11RHI: GPU Timing Frequency: 1000.000000 (Debug: 2 2)
[2017.05.24-20.57.18:556][  0]LogShaderCompilers: Guid format shader working directory is -16 characters bigger than the processId version (../../../../../../CITYOS/CITYOS_LAB/UNREAL/PluralSightTutorial/Intermediate/Shaders/WorkingDirectory/3496/).
[2017.05.24-20.57.18:556][  0]LogShaderCompilers: Cleaned the shader compiler working directory 'C:/Users/feddy/AppData/Local/Temp/UnrealShaderWorkingDir/1D220B3E481C23E8526CB0B5EA0B4092/'.
[2017.05.24-20.57.18:556][  0]LogShaderCompilers:Display: Using Local Shader Compiler.
[2017.05.24-20.57.19:744][  0]LogTemp:Display: Loaded TP AllDesktopTargetPlatform
[2017.05.24-20.57.19:808][  0]LogTemp:Display: Loaded TP MacClientTargetPlatform
[2017.05.24-20.57.19:872][  0]LogTemp:Display: Loaded TP MacNoEditorTargetPlatform
[2017.05.24-20.57.19:936][  0]LogTemp:Display: Loaded TP MacServerTargetPlatform
[2017.05.24-20.57.20:001][  0]LogTemp:Display: Loaded TP MacTargetPlatform
[2017.05.24-20.57.20:064][  0]LogTemp:Display: Loaded TP WindowsClientTargetPlatform
[2017.05.24-20.57.20:127][  0]LogTemp:Display: Loaded TP WindowsNoEditorTargetPlatform
[2017.05.24-20.57.20:190][  0]LogTemp:Display: Loaded TP WindowsServerTargetPlatform
[2017.05.24-20.57.20:243][  0]LogTemp:Display: Loaded TP WindowsTargetPlatform
[2017.05.24-20.57.20:305][  0]LogTemp:Display: Loaded TP AndroidTargetPlatform
[2017.05.24-20.57.20:368][  0]LogTemp:Display: Loaded TP Android_ASTCTargetPlatform
[2017.05.24-20.57.20:430][  0]LogTemp:Display: Loaded TP Android_ATCTargetPlatform
[2017.05.24-20.57.20:492][  0]LogTemp:Display: Loaded TP Android_DXTTargetPlatform
[2017.05.24-20.57.20:556][  0]LogTemp:Display: Loaded TP Android_ETC1TargetPlatform
[2017.05.24-20.57.20:618][  0]LogTemp:Display: Loaded TP Android_ETC2TargetPlatform
[2017.05.24-20.57.20:742][  0]LogTemp:Display: Loaded TP Android_MultiTargetPlatform
[2017.05.24-20.57.20:742][  0]LogTemp:Display: Loaded TP Android_PVRTCTargetPlatform
[2017.05.24-20.57.20:787][  0]LogTemp:Display: Loaded TP HTML5TargetPlatform
[2017.05.24-20.57.20:886][  0]LogTemp:Display: Loaded TP IOSTargetPlatform
[2017.05.24-20.57.20:917][  0]LogTemp:Display: Loaded TP TVOSTargetPlatform
[2017.05.24-20.57.20:979][  0]LogTemp:Display: Loaded TP LinuxClientTargetPlatform
[2017.05.24-20.57.21:042][  0]LogTemp:Display: Loaded TP LinuxNoEditorTargetPlatform
[2017.05.24-20.57.21:104][  0]LogTemp:Display: Loaded TP LinuxServerTargetPlatform
[2017.05.24-20.57.21:166][  0]LogTemp:Display: Loaded TP LinuxTargetPlatform
[2017.05.24-20.57.21:166][  0]LogTargetPlatformManager:Display: Building Assets For Windows
[2017.05.24-20.57.21:630][  0]LogDerivedDataCache:Display: Max Cache Size: 512 MB
[2017.05.24-20.57.21:681][  0]LogDerivedDataCache: Loaded boot cache 0.05s 50MB C:/Users/feddy/AppData/Local/UnrealEngine/4.15/DerivedDataCache/Boot.ddc.
[2017.05.24-20.57.21:681][  0]LogDerivedDataCache:Display: Loaded Boot cache: C:/Users/feddy/AppData/Local/UnrealEngine/4.15/DerivedDataCache/Boot.ddc
[2017.05.24-20.57.21:681][  0]LogDerivedDataCache: FDerivedDataBackendGraph:  Pak pak cache file ../../../../../../CITYOS/CITYOS_LAB/UNREAL/PluralSightTutorial/DerivedDataCache/DDC.ddp not found, will not use a pak cache.
[2017.05.24-20.57.21:681][  0]LogDerivedDataCache: Unable to find inner node Pak for hierarchical cache Hierarchy.
[2017.05.24-20.57.21:681][  0]LogDerivedDataCache: FDerivedDataBackendGraph:  CompressedPak pak cache file ../../../../../../CITYOS/CITYOS_LAB/UNREAL/PluralSightTutorial/DerivedDataCache/Compressed.ddp not found, will not use a pak cache.
[2017.05.24-20.57.21:681][  0]LogDerivedDataCache: Unable to find inner node CompressedPak for hierarchical cache Hierarchy.
[2017.05.24-20.57.21:701][  0]LogDerivedDataCache:Display: Pak cache opened for reading ../../../Engine/DerivedDataCache/Compressed.ddp.
[2017.05.24-20.57.21:713][  0]LogDerivedDataCache: Using Local data cache path C:/Users/feddy/AppData/Local/UnrealEngine/Common/DerivedDataCache: Writable
[2017.05.24-20.57.21:721][  0]LogSlate: Using Freetype 2.6.0
[2017.05.24-20.57.21:722][  0]LogSlate: SlateFontCache - WITH_FREETYPE: 1, WITH_HARFBUZZ: 1
[2017.05.24-20.57.21:722][  0]LogSlate: SlateFontCache - WITH_FREETYPE: 1, WITH_HARFBUZZ: 1
[2017.05.24-20.57.22:039][  0]LogInit: Selected Device Profile: [Windows]
[2017.05.24-20.57.22:043][  0]LogContentStreaming: Texture pool size is 0.00 MB
[2017.05.24-20.57.22:271][  0]LogMeshUtilities: Using QuadricMeshReduction for automatic static mesh reduction
[2017.05.24-20.57.22:319][  0]LogSimplygon: Simplygon DLL not present - disabling.
[2017.05.24-20.57.22:375][  0]LogMeshUtilities: Using SimplygonSwarm for distributed automatic mesh merging
[2017.05.24-20.57.22:375][  0]LogMeshUtilities: No automatic skeletal mesh reduction module available
[2017.05.24-20.57.22:375][  0]LogMeshUtilities: No automatic mesh merging module available
[2017.05.24-20.57.23:068][  0]LogNetVersion: GetLocalNetworkVersion: CL: 3299760, ProjectName: pluralsighttutorial, ProjectVersion: , EngineNetworkVersion: 2, GameNetworkVersion: 0, NetworkChecksum: 2998460042
[2017.05.24-20.57.23:108][  0]LogAssetRegistry: FAssetRegistry took 0.0206 seconds to start up
[2017.05.24-20.57.23:192][  0]LogPackageLocalizationCache: Processed 3 localized package path(s) for 2 prioritized culture(s) in 0.069078 seconds
[2017.05.24-20.57.23:197][  0]LogUObjectArray: 32475 objects as part of root set at end of initial load.
[2017.05.24-20.57.23:197][  0]LogUObjectAllocator: 7073368 out of 0 bytes used by permanent object pool.
[2017.05.24-20.57.23:197][  0]LogUObjectArray: CloseDisregardForGC: 0/0 objects in disregard for GC pool
[2017.05.24-20.57.23:240][  0]LogInit: WinSock: version 1.1 (2.2), MaxSocks=32767, MaxUdp=65467
[2017.05.24-20.57.25:076][  0]LogTcpMessaging: Initializing TcpMessaging bridge
[2017.05.24-20.57.25:115][  0]LogUdpMessaging: Initializing bridge on interface 0.0.0.0:0 to multicast group 230.0.0.1:6666.
[2017.05.24-20.57.25:650][  0]LogMaterial: Uniform references updated for custom material expression Custom.
[2017.05.24-20.57.26:089][  0]SourceControl: Info Source control is disabled
[2017.05.24-20.57.26:250][  0]LogSourceControl:Error: '../../../../../../CITYOS/CITYOS_LAB/UNREAL/PluralSightTutorial/' is not part of a Git repository
[2017.05.24-20.57.26:428][  0]LogSourceControl:Error: '../../../../../../CITYOS/CITYOS_LAB/UNREAL/PluralSightTutorial/' is not part of a Git repository
[2017.05.24-20.57.26:605][  0]LogSourceControl:Error: '../../../../../../CITYOS/CITYOS_LAB/UNREAL/PluralSightTutorial/' is not part of a Git repository
[2017.05.24-20.57.28:115][  0]LogEngine: Initializing Engine...
[2017.05.24-20.57.28:116][  0]LogHMD: Failed to initialize OpenVR with code 110
[2017.05.24-20.57.28:370][  0]LogAIModule: Creating AISystem for world Untitled
[2017.05.24-20.57.28:388][  0]LogInit: XAudio2 using 'Speakers (Realtek High Definition Audio)' : 2 channels at 48 kHz using 32 bits per sample (channel mask 0x3)
[2017.05.24-20.57.28:424][  0]LogInit: FAudioDevice initialized.
[2017.05.24-20.57.28:450][  0]LogDerivedDataCache: Saved boot cache 0.03s 50MB C:/Users/feddy/AppData/Local/UnrealEngine/4.15/DerivedDataCache/Boot.ddc.
[2017.05.24-20.57.28:458][  0]LogInit: Texture streaming: Enabled
[2017.05.24-20.57.28:529][  0]LogEngineSessionManager: EngineSessionManager initialized
[2017.05.24-20.57.28:630][  0]LogInit: Transaction tracking system initialized
[2017.05.24-20.57.29:013][  0]BlueprintLog: New page: Editor Load
[2017.05.24-20.57.29:985][  0]LocalizationService: Info Localization service is disabled
[2017.05.24-20.57.30:723][  0]LogConsoleResponse:Display: 
[2017.05.24-20.57.30:855][  0]LogCook:Display: Max memory allowance for cook 16384mb min free memory 0mb
[2017.05.24-20.57.30:855][  0]LogCook:Display: Mobile HDR setting 1
[2017.05.24-20.57.31:994][  0]LogFileCache: Scanning file cache for directory 'D:/CITYOS/CITYOS_LAB/UNREAL/PluralSightTutorial/Content/' took 0.02s
[2017.05.24-20.57.32:169][  0]LogSourceControl:Error: '../../../../../../CITYOS/CITYOS_LAB/UNREAL/PluralSightTutorial/' is not part of a Git repository
[2017.05.24-20.57.32:169][  0]Cmd: MAP LOAD FILE="../../../../../../CITYOS/CITYOS_LAB/UNREAL/PluralSightTutorial/Content/FirstPersonBP/Maps/CityOSLab.umap" TEMPLATE=0 SHOWPROGRESS=1 FEATURELEVEL=3
[2017.05.24-20.57.32:202][  0]LightingResults: New page: Lighting Build
[2017.05.24-20.57.32:249][  0]MapCheck: New page: Map Check
[2017.05.24-20.57.32:249][  0]LightingResults: New page: Lighting Build
[2017.05.24-20.57.34:512][  0]LogAIModule: Creating AISystem for world CityOSLab
[2017.05.24-20.57.34:524][  0]LogEditorServer: Finished looking for orphan Actors (0.000 secs)
[2017.05.24-20.57.34:525][  0]Cmd: MAP CHECKDEP NOCLEARLOG
[2017.05.24-20.57.34:593][  0]MapCheck: Info Map check complete: 0 Error(s), 0 Warning(s), took 68.398ms to complete.
[2017.05.24-20.57.34:593][  0]LogFileHelpers: Loading map 'CityOSLab' took 2.424
[2017.05.24-20.57.34:769][  0]LogCollectionManager: Loaded 0 collections in 0.001529 seconds
[2017.05.24-20.57.34:858][  0]LogFileCache: Scanning file cache for directory 'D:/CITYOS/CITYOS_LAB/UNREAL/PluralSightTutorial/Saved/Collections/' took 0.01s
[2017.05.24-20.57.34:858][  0]LogFileCache: Scanning file cache for directory 'D:/CITYOS/CITYOS_LAB/UNREAL/PluralSightTutorial/Content/Developers/feddy/Collections/' took 0.01s
[2017.05.24-20.57.34:858][  0]LogFileCache: Scanning file cache for directory 'D:/CITYOS/CITYOS_LAB/UNREAL/PluralSightTutorial/Content/Collections/' took 0.01s
[2017.05.24-20.57.34:858][  0]LogCollectionManager: Rebuilt the GUID cache for 0 collections in 0.000002 seconds
[2017.05.24-20.57.34:867][  0]LogContentBrowser: Native class hierarchy populated in 0.0094 seconds. Added 2244 classes and 450 folders.
[2017.05.24-20.57.34:871][  0]LogStats: UGameplayTagsManager::ConstructGameplayTagTree: Construct from data asset -  0.000 s
[2017.05.24-20.57.34:871][  0]LogStats: UGameplayTagsManager::ConstructGameplayTagTree: GameplayTagTreeChangedEvent.Broadcast -  0.000 s
[2017.05.24-20.57.34:933][  0]LogContentBrowser: Native class hierarchy updated for 'WidgetCarousel' in 0.0005 seconds. Added 0 classes and 0 folders.
[2017.05.24-20.57.34:998][  0]LogContentBrowser: Native class hierarchy updated for 'AddContentDialog' in 0.0005 seconds. Added 0 classes and 0 folders.
[2017.05.24-20.57.35:051][  0]LogContentBrowser: Native class hierarchy updated for 'SceneOutliner' in 0.0006 seconds. Added 1 classes and 2 folders.
[2017.05.24-20.57.35:125][  0]LogCrashTracker: Crashtracker disabled due to settings.
[2017.05.24-20.57.35:131][  0]LogUObjectGlobals:Warning: Failed to find object 'Class None.'
[2017.05.24-20.57.35:198][  0]LogContentBrowser: Native class hierarchy updated for 'HierarchicalLODOutliner' in 0.0006 seconds. Added 1 classes and 2 folders.
[2017.05.24-20.57.35:199][  0]LogLoad: (Engine Initialization) Total time: 21.00 seconds
[2017.05.24-20.57.35:199][  0]LogLoad: (Engine Initialization) Total Blueprint compile time: 0.12 seconds
[2017.05.24-20.57.35:199][  0]LogExternalProfiler: Found external profiler: VSPerf
[2017.05.24-20.57.35:199][  0]LogExternalProfiler: Using external profiler: VSPerf
[2017.05.24-20.57.35:207][  0]LogOcInput: OculusInput pre-init called
[2017.05.24-20.57.35:209][  0]LoadErrors:Error: Error /Game/FirstPersonBP/Maps/CityOSLab : Failed import for MapBuildDataRegistry /Game/FirstPersonBP/Maps/CityOSLab_BuiltData.CityOSLab_BuiltData
[2017.05.24-20.57.35:229][  0]LogContentStreaming: Texture pool size now 1000 MB
[2017.05.24-20.57.35:243][  0]LogSlate: Took 0.000304 seconds to synchronously load lazily loaded font '../../../Engine/Content/Slate/Fonts/Roboto-Regular.ttf' (155K)
[2017.05.24-20.57.35:247][  0]LogSlate: Took 0.000287 seconds to synchronously load lazily loaded font '../../../Engine/Content/Slate/Fonts/Roboto-Bold.ttf' (160K)
[2017.05.24-20.57.35:252][  0]LogSlate: Took 0.000265 seconds to synchronously load lazily loaded font '../../../Engine/Content/Editor/Slate/Fonts/FontAwesome.ttf' (139K)
[2017.05.24-20.57.35:412][  0]LogRenderer: Reallocating scene render targets to support 1324x728 NumSamples 1 (Frame:2).
[2017.05.24-20.57.35:496][  1]LogAssetRegistry: Asset discovery search completed in 12.4082 seconds
[2017.05.24-20.57.35:496][  1]LogCollectionManager: Rebuilt the object cache for 0 collections in 0.000005 seconds (found 0 objects)
[2017.05.24-20.57.35:496][  1]LogCollectionManager: Fixed up redirectors for 0 collections in 0.000020 seconds (updated 0 objects)
[2017.05.24-20.57.39:365][451]LogSlate: Took 0.000269 seconds to synchronously load lazily loaded font '../../../Engine/Content/Slate/Fonts/Roboto-Light.ttf' (159K)
[2017.05.24-20.57.53:504][ 98]Cmd: MAP LOAD FILE="../../../../../../CITYOS/CITYOS_LAB/UNREAL/PluralSightTutorial/Content/FirstPersonBP/Maps/CityOSLabWireframe.umap" TEMPLATE=0 SHOWPROGRESS=1 FEATURELEVEL=3
[2017.05.24-20.57.53:517][ 98]LogSlate: Took 0.000283 seconds to synchronously load lazily loaded font '../../../Engine/Content/Slate/Fonts/Roboto-Light.ttf' (159K)
[2017.05.24-20.57.53:538][ 98]LightingResults: New page: Lighting Build
[2017.05.24-20.57.53:540][ 98]LoadErrors: New page: Loading map: CityOSLabWireframe.umap
[2017.05.24-20.57.53:544][ 98]MapCheck: New page: Map Check
[2017.05.24-20.57.53:544][ 98]LightingResults: New page: Lighting Build
[2017.05.24-20.57.54:041][ 98]LogAIModule: Creating AISystem for world CityOSLabWireframe
[2017.05.24-20.57.54:061][ 98]LogEditorServer: Finished looking for orphan Actors (0.000 secs)
[2017.05.24-20.57.54:091][ 98]Cmd: MAP CHECKDEP NOCLEARLOG
[2017.05.24-20.57.54:160][ 98]MapCheck: Info Map check complete: 0 Error(s), 0 Warning(s), took 68.097ms to complete.
[2017.05.24-20.57.54:160][ 98]LogFileHelpers: Loading map 'CityOSLabWireframe' took 0.657
[2017.05.24-20.58.07:161][593]LogTemp: Repeting last play command: New Editor Window (PIE)
[2017.05.24-20.58.07:175][593]LogBlueprintUserMessages: Early PlayInEditor Detection: Level '/Game/FirstPersonBP/Maps/CityOSLabWireframe.CityOSLabWireframe:PersistentLevel' has LevelScriptBlueprint '/Game/FirstPersonBP/Maps/CityOSLabWireframe.CityOSLabWireframe:PersistentLevel.CityOSLabWireframe' with GeneratedClass '/Game/FirstPersonBP/Maps/CityOSLabWireframe.CityOSLabWireframe_C' with ClassGeneratedBy '/Game/FirstPersonBP/Maps/CityOSLabWireframe.CityOSLabWireframe:PersistentLevel.CityOSLabWireframe'
[2017.05.24-20.58.07:175][593]LogPlayLevel: PlayLevel: No blueprints needed recompiling
[2017.05.24-20.58.07:175][593]PIE: New page: PIE session: CityOSLabWireframe (May 25, 2017, 12:58:07 AM)
[2017.05.24-20.58.07:175][593]LogPlayLevel: Creating play world package: /Game/FirstPersonBP/Maps/UEDPIE_0_CityOSLabWireframe
[2017.05.24-20.58.07:198][593]LogPlayLevel: PIE: StaticDuplicateObject took: (0.022984s)
[2017.05.24-20.58.07:199][593]LogAIModule: Creating AISystem for world CityOSLabWireframe
[2017.05.24-20.58.07:199][593]LogPlayLevel: PIE: World Init took: (0.000657s)
[2017.05.24-20.58.07:199][593]LogPlayLevel: PIE: Created PIE world by copying editor world from /Game/FirstPersonBP/Maps/CityOSLabWireframe.CityOSLabWireframe to /Game/FirstPersonBP/Maps/UEDPIE_0_CityOSLabWireframe.CityOSLabWireframe (0.023856s)
[2017.05.24-20.58.07:216][593]LogInit: XAudio2 using 'Speakers (Realtek High Definition Audio)' : 2 channels at 48 kHz using 32 bits per sample (channel mask 0x3)
[2017.05.24-20.58.07:225][593]LogInit: FAudioDevice initialized.
[2017.05.24-20.58.08:038][593]LogLoad: Game class is 'FirstPersonGameMode_C'
[2017.05.24-20.58.08:042][593]LogWorld: Bringing World /Game/FirstPersonBP/Maps/UEDPIE_0_CityOSLabWireframe.CityOSLabWireframe up for play (max tick rate 0) at 2017.05.24-22.58.08
[2017.05.24-20.58.08:042][593]LogWorld: Bringing up level for play took: 0.002516
[2017.05.24-20.58.08:089][593]LogContentBrowser: Native class hierarchy updated for 'MovieSceneCapture' in 0.0006 seconds. Added 11 classes and 0 folders.
[2017.05.24-20.58.08:130][593]PIE: Info Play in editor start time for /Game/FirstPersonBP/Maps/UEDPIE_0_CityOSLabWireframe 1.447
[2017.05.24-20.58.08:131][593]LogBlueprintUserMessages: Late PlayInEditor Detection: Level '/Game/FirstPersonBP/Maps/CityOSLabWireframe.CityOSLabWireframe:PersistentLevel' has LevelScriptBlueprint '/Game/FirstPersonBP/Maps/CityOSLabWireframe.CityOSLabWireframe:PersistentLevel.CityOSLabWireframe' with GeneratedClass '/Game/FirstPersonBP/Maps/CityOSLabWireframe.CityOSLabWireframe_C' with ClassGeneratedBy '/Game/FirstPersonBP/Maps/CityOSLabWireframe.CityOSLabWireframe:PersistentLevel.CityOSLabWireframe'
[2017.05.24-20.58.08:175][593]LogRenderer: Reallocating scene render targets to support 1324x756 NumSamples 1 (Frame:3585).
[2017.05.24-20.58.25:082][467]LogBlueprintUserMessages: Early EndPlayMap Detection: Level '/Game/FirstPersonBP/Maps/CityOSLabWireframe.CityOSLabWireframe:PersistentLevel' has LevelScriptBlueprint '/Game/FirstPersonBP/Maps/CityOSLabWireframe.CityOSLabWireframe:PersistentLevel.CityOSLabWireframe' with GeneratedClass '/Game/FirstPersonBP/Maps/CityOSLabWireframe.CityOSLabWireframe_C' with ClassGeneratedBy '/Game/FirstPersonBP/Maps/CityOSLabWireframe.CityOSLabWireframe:PersistentLevel.CityOSLabWireframe'
[2017.05.24-20.58.25:112][467]LogBlueprintUserMessages: Late EndPlayMap Detection: Level '/Game/FirstPersonBP/Maps/CityOSLabWireframe.CityOSLabWireframe:PersistentLevel' has LevelScriptBlueprint '/Game/FirstPersonBP/Maps/CityOSLabWireframe.CityOSLabWireframe:PersistentLevel.CityOSLabWireframe' with GeneratedClass '/Game/FirstPersonBP/Maps/CityOSLabWireframe.CityOSLabWireframe_C' with ClassGeneratedBy '/Game/FirstPersonBP/Maps/CityOSLabWireframe.CityOSLabWireframe:PersistentLevel.CityOSLabWireframe'
[2017.05.24-21.00.02:750][605]Cmd: QUIT_EDITOR
[2017.05.24-21.00.02:812][605]LogExit: Preparing to exit.
[2017.05.24-21.00.03:256][605]LogDirectoryWatcher: A directory notification for 'D:/CITYOS/CITYOS_LAB/UNREAL/PluralSightTutorial/Content/' was aborted.
[2017.05.24-21.00.03:288][605]LogExit: Editor shut down
[2017.05.24-21.00.03:289][605]LogExit: Transaction tracking system shut down
[2017.05.24-21.00.03:338][605]LogObj: Freed 0b from 0 cluster array pools.
[2017.05.24-21.00.03:338][605]LogExit: Object subsystem successfully closed.
[2017.05.24-21.00.03:357][605]LogD3D11RHI: Shutdown
[2017.05.24-21.00.03:357][605]LogD3D11RHI: CleanupD3DDevice
[2017.05.24-21.00.03:405][605]LogD3D11RHI: ~FD3D11DynamicRHI
[2017.05.24-21.00.03:412][605]LogModuleManager: Shutting down and abandoning module MovieSceneCapture (498)
[2017.05.24-21.00.03:412][605]LogModuleManager: Shutting down and abandoning module HierarchicalLODOutliner (496)
[2017.05.24-21.00.03:412][605]LogModuleManager: Shutting down and abandoning module CrashTracker (494)
[2017.05.24-21.00.03:412][605]LogModuleManager: Shutting down and abandoning module SceneOutliner (492)
[2017.05.24-21.00.03:412][605]LogModuleManager: Shutting down and abandoning module AddContentDialog (490)
[2017.05.24-21.00.03:412][605]LogDirectoryWatcher: A directory notification for 'D:/Program Files/Epic Games/UE_4.15/FeaturePacks/' was aborted.
[2017.05.24-21.00.03:413][605]LogModuleManager: Shutting down and abandoning module WidgetCarousel (489)
[2017.05.24-21.00.03:413][605]LogModuleManager: Shutting down and abandoning module EditorWidgets (486)
[2017.05.24-21.00.03:413][605]LogModuleManager: Shutting down and abandoning module CollectionManager (484)
[2017.05.24-21.00.03:413][605]LogDirectoryWatcher: A directory notification for 'D:/CITYOS/CITYOS_LAB/UNREAL/PluralSightTutorial/Content/Collections/' was aborted.
[2017.05.24-21.00.03:413][605]LogDirectoryWatcher: A directory notification for 'D:/CITYOS/CITYOS_LAB/UNREAL/PluralSightTutorial/Content/Developers/feddy/Collections/' was aborted.
[2017.05.24-21.00.03:413][605]LogDirectoryWatcher: A directory notification for 'D:/CITYOS/CITYOS_LAB/UNREAL/PluralSightTutorial/Saved/Collections/' was aborted.
[2017.05.24-21.00.03:414][605]LogModuleManager: Shutting down and abandoning module StatsViewer (482)
[2017.05.24-21.00.03:414][605]LogModuleManager: Shutting down and abandoning module FoliageEdit (480)
[2017.05.24-21.00.03:414][605]LogModuleManager: Shutting down and abandoning module LandscapeEditor (478)
[2017.05.24-21.00.03:414][605]LogModuleManager: Shutting down and abandoning module SceneDepthPickerMode (476)
[2017.05.24-21.00.03:414][605]LogModuleManager: Shutting down and abandoning module ActorPickerMode (474)
[2017.05.24-21.00.03:414][605]LogModuleManager: Shutting down and abandoning module GeometryMode (472)
[2017.05.24-21.00.03:414][605]LogModuleManager: Shutting down and abandoning module TextureAlignMode (470)
[2017.05.24-21.00.03:414][605]LogModuleManager: Shutting down and abandoning module BspMode (468)
[2017.05.24-21.00.03:414][605]LogModuleManager: Shutting down and abandoning module HardwareSurvey (466)
[2017.05.24-21.00.03:414][605]LogModuleManager: Shutting down and abandoning module SequenceRecorderSections (464)
[2017.05.24-21.00.03:414][605]LogModuleManager: Shutting down and abandoning module AutomationWorker (462)
[2017.05.24-21.00.03:414][605]LogModuleManager: Shutting down and abandoning module MatineeToLevelSequence (460)
[2017.05.24-21.00.03:414][605]LogModuleManager: Shutting down and abandoning module LevelSequenceEditor (458)
[2017.05.24-21.00.03:414][605]LogModuleManager: Shutting down and abandoning module PlacementMode (457)
[2017.05.24-21.00.03:414][605]LogModuleManager: Shutting down and abandoning module WmfMediaFactory (454)
[2017.05.24-21.00.03:414][605]LogModuleManager: Shutting down and abandoning module WmfMediaEditor (452)
[2017.05.24-21.00.03:414][605]LogModuleManager: Shutting down and abandoning module MfMediaFactory (450)
[2017.05.24-21.00.03:414][605]LogModuleManager: Shutting down and abandoning module MfMediaEditor (448)
[2017.05.24-21.00.03:414][605]LogModuleManager: Shutting down and abandoning module AvfMediaFactory (446)
[2017.05.24-21.00.03:414][605]LogModuleManager: Shutting down and abandoning module AvfMediaEditor (444)
[2017.05.24-21.00.03:414][605]LogModuleManager: Shutting down and abandoning module AndroidMediaFactory (442)
[2017.05.24-21.00.03:414][605]LogModuleManager: Shutting down and abandoning module Media (441)
[2017.05.24-21.00.03:414][605]LogModuleManager: Shutting down and abandoning module AndroidMediaEditor (438)
[2017.05.24-21.00.03:414][605]LogModuleManager: Shutting down and abandoning module CharacterAI (436)
[2017.05.24-21.00.03:414][605]LogModuleManager: Shutting down and abandoning module AudioCapture (434)
[2017.05.24-21.00.03:414][605]LogModuleManager: Shutting down and abandoning module SequenceRecorder (433)
[2017.05.24-21.00.03:414][605]LogModuleManager: Shutting down and abandoning module SmartSnapping (430)
[2017.05.24-21.00.03:414][605]LogModuleManager: Shutting down and abandoning module SessionServices (428)
[2017.05.24-21.00.03:414][605]LogModuleManager: Shutting down and abandoning module ViewportSnapping (426)
[2017.05.24-21.00.03:414][605]LogModuleManager: Shutting down and abandoning module ViewportInteraction (424)
[2017.05.24-21.00.03:414][605]LogModuleManager: Shutting down and abandoning module LogVisualizer (422)
[2017.05.24-21.00.03:414][605]LogModuleManager: Shutting down and abandoning module IntroTutorials (420)
[2017.05.24-21.00.03:414][605]LogModuleManager: Shutting down and abandoning module GameProjectGeneration (419)
[2017.05.24-21.00.03:414][605]LogModuleManager: Shutting down and abandoning module EditorLiveStreaming (416)
[2017.05.24-21.00.03:414][605]LogModuleManager: Shutting down and abandoning module IOSPlatformEditor (414)
[2017.05.24-21.00.03:414][605]LogModuleManager: Shutting down and abandoning module HTML5PlatformEditor (412)
[2017.05.24-21.00.03:414][605]LogModuleManager: Shutting down and abandoning module AndroidPlatformEditor (410)
[2017.05.24-21.00.03:414][605]LogModuleManager: Shutting down and abandoning module AndroidDeviceDetection (409)
[2017.05.24-21.00.04:394][605]LogModuleManager: Shutting down and abandoning module IOSRuntimeSettings (406)
[2017.05.24-21.00.04:394][605]LogModuleManager: Shutting down and abandoning module AndroidRuntimeSettings (404)
[2017.05.24-21.00.04:394][605]LogModuleManager: Shutting down and abandoning module InputBindingEditor (402)
[2017.05.24-21.00.04:394][605]LogModuleManager: Shutting down and abandoning module NiagaraEditor (400)
[2017.05.24-21.00.04:394][605]LogModuleManager: Shutting down and abandoning module MergeActors (398)
[2017.05.24-21.00.04:394][605]LogModuleManager: Shutting down and abandoning module SizeMap (396)
[2017.05.24-21.00.04:394][605]LogModuleManager: Shutting down and abandoning module TreeMap (394)
[2017.05.24-21.00.04:394][605]LogModuleManager: Shutting down and abandoning module ReferenceViewer (392)
[2017.05.24-21.00.04:394][605]LogModuleManager: Shutting down and abandoning module LocalizationDashboard (390)
[2017.05.24-21.00.04:394][605]LogModuleManager: Shutting down and abandoning module LocalizationService (389)
[2017.05.24-21.00.04:394][605]LogModuleManager: Shutting down and abandoning module HardwareTargeting (386)
[2017.05.24-21.00.04:394][605]LogModuleManager: Shutting down and abandoning module DeviceProfileEditor (384)
[2017.05.24-21.00.04:394][605]LogModuleManager: Shutting down and abandoning module UndoHistory (382)
[2017.05.24-21.00.04:394][605]LogModuleManager: Shutting down and abandoning module UserFeedback (380)
[2017.05.24-21.00.04:394][605]LogModuleManager: Shutting down and abandoning module XmlParser (378)
[2017.05.24-21.00.04:394][605]LogModuleManager: Shutting down and abandoning module Blutility (376)
[2017.05.24-21.00.04:394][605]LogModuleManager: Shutting down and abandoning module ProjectSettingsViewer (374)
[2017.05.24-21.00.04:394][605]LogModuleManager: Shutting down and abandoning module ProjectTargetPlatformEditor (373)
[2017.05.24-21.00.04:395][605]LogModuleManager: Shutting down and abandoning module EditorSettingsViewer (370)
[2017.05.24-21.00.04:395][605]LogModuleManager: Shutting down and abandoning module SettingsEditor (368)
[2017.05.24-21.00.04:395][605]LogModuleManager: Shutting down and abandoning module ProjectLauncher (366)
[2017.05.24-21.00.04:395][605]LogModuleManager: Shutting down and abandoning module SessionFrontend (364)
[2017.05.24-21.00.04:395][605]LogModuleManager: Shutting down and abandoning module ProfilerClient (362)
[2017.05.24-21.00.04:395][605]LogModuleManager: Shutting down and abandoning module DeviceManager (360)
[2017.05.24-21.00.04:395][605]LogModuleManager: Shutting down and abandoning module TargetDeviceServices (359)
[2017.05.24-21.00.04:445][605]LogModuleManager: Shutting down and abandoning module AutomationController (356)
[2017.05.24-21.00.04:445][605]LogModuleManager: Shutting down and abandoning module AutomationWindow (354)
[2017.05.24-21.00.04:445][605]LogModuleManager: Shutting down and abandoning module Layers (352)
[2017.05.24-21.00.04:445][605]LogModuleManager: Shutting down and abandoning module ComponentVisualizers (350)
[2017.05.24-21.00.04:445][605]LogModuleManager: Shutting down and abandoning module DetailCustomizations (348)
[2017.05.24-21.00.04:445][605]LogModuleManager: Shutting down and abandoning module PackagesDialog (346)
[2017.05.24-21.00.04:445][605]LogModuleManager: Shutting down and abandoning module Persona (344)
[2017.05.24-21.00.04:445][605]LogModuleManager: Shutting down and abandoning module AnimGraph (343)
[2017.05.24-21.00.04:445][605]LogModuleManager: Shutting down and abandoning module Kismet (340)
[2017.05.24-21.00.04:445][605]LogModuleManager: Shutting down and abandoning module GraphEditor (338)
[2017.05.24-21.00.04:445][605]LogModuleManager: Shutting down and abandoning module ClassViewer (336)
[2017.05.24-21.00.04:445][605]LogModuleManager: Shutting down and abandoning module Toolbox (334)
[2017.05.24-21.00.04:445][605]LogModuleManager: Shutting down and abandoning module ModuleUI (332)
[2017.05.24-21.00.04:445][605]LogModuleManager: Shutting down and abandoning module MovieSceneTools (330)
[2017.05.24-21.00.04:445][605]LogModuleManager: Shutting down and abandoning module OutputLog (328)
[2017.05.24-21.00.04:445][605]LogModuleManager: Shutting down and abandoning module GammaUI (326)
[2017.05.24-21.00.04:446][605]LogModuleManager: Shutting down and abandoning module Documentation (324)
[2017.05.24-21.00.04:446][605]LogModuleManager: Shutting down and abandoning module Niagara (322)
[2017.05.24-21.00.04:446][605]LogModuleManager: Shutting down and abandoning module StreamingPauseRendering (320)
[2017.05.24-21.00.04:446][605]LogModuleManager: Shutting down and abandoning module AnalyticsET (318)
[2017.05.24-21.00.04:446][605]LogModuleManager: Shutting down and abandoning module PortalServices (316)
[2017.05.24-21.00.04:446][605]LogModuleManager: Shutting down and abandoning module PortalRpc (314)
[2017.05.24-21.00.04:446][605]LogModuleManager: Shutting down and abandoning module MessagingRpc (312)
[2017.05.24-21.00.04:446][605]LogModuleManager: Shutting down and abandoning module AIModule (310)
[2017.05.24-21.00.04:446][605]LogModuleManager: Shutting down and abandoning module GameplayDebugger (309)
[2017.05.24-21.00.04:446][605]LogModuleManager: Shutting down and abandoning module AITestSuite (307)
[2017.05.24-21.00.04:446][605]LogModuleManager: Shutting down and abandoning module ProfilerService (304)
[2017.05.24-21.00.04:583][605]LogModuleManager: Shutting down and abandoning module TaskGraph (302)
[2017.05.24-21.00.04:583][605]LogModuleManager: Shutting down and abandoning module SteamVRController (300)
[2017.05.24-21.00.04:583][605]LogModuleManager: Shutting down and abandoning module SteamVR (298)
[2017.05.24-21.00.04:583][605]LogModuleManager: Shutting down and abandoning module ProceduralMeshComponentEditor (296)
[2017.05.24-21.00.04:583][605]LogModuleManager: Shutting down and abandoning module ProceduralMeshComponent (294)
[2017.05.24-21.00.04:583][605]LogModuleManager: Shutting down and abandoning module OculusLibrary (292)
[2017.05.24-21.00.04:583][605]LogModuleManager: Shutting down and abandoning module OculusInput (290)
[2017.05.24-21.00.04:583][605]LogModuleManager: Shutting down and abandoning module MobilePatchingUtils (288)
[2017.05.24-21.00.04:583][605]LogModuleManager: Shutting down and abandoning module CustomMeshComponent (286)
[2017.05.24-21.00.04:583][605]LogModuleManager: Shutting down and abandoning module CableComponent (284)
[2017.05.24-21.00.04:583][605]LogModuleManager: Shutting down and abandoning module ArchVisCharacter (282)
[2017.05.24-21.00.04:583][605]LogModuleManager: Shutting down and abandoning module MediaPlayerEditor (278)
[2017.05.24-21.00.04:583][605]LogModuleManager: Shutting down and abandoning module HTML5Networking (276)
[2017.05.24-21.00.04:583][605]LogModuleManager: Shutting down and abandoning module AlembicImporter (274)
[2017.05.24-21.00.04:583][605]LogModuleManager: Shutting down and abandoning module AlembicLibrary (273)
[2017.05.24-21.00.04:583][605]LogModuleManager: Shutting down and abandoning module GeometryCache (272)
[2017.05.24-21.00.04:583][605]LogModuleManager: Shutting down and abandoning module GeometryCacheEd (271)
[2017.05.24-21.00.04:583][605]LogModuleManager: Shutting down and abandoning module SuperSearchEditor (266)
[2017.05.24-21.00.04:583][605]LogModuleManager: Shutting down and abandoning module SuperSearch (265)
[2017.05.24-21.00.04:583][605]LogModuleManager: Shutting down and abandoning module SpeedTreeImporter (262)
[2017.05.24-21.00.04:583][605]LogModuleManager: Shutting down and abandoning module PluginBrowser (260)
[2017.05.24-21.00.04:583][605]LogModuleManager: Shutting down and abandoning module MobileLauncherProfileWizard (258)
[2017.05.24-21.00.04:583][605]LogModuleManager: Shutting down and abandoning module EpicSurvey (256)
[2017.05.24-21.00.04:583][605]LogModuleManager: Shutting down and abandoning module VisualStudioSourceCodeAccess (254)
[2017.05.24-21.00.04:584][605]LogModuleManager: Shutting down and abandoning module DesktopPlatform (253)
[2017.05.24-21.00.04:584][605]LogModuleManager: Shutting down and abandoning module UObjectPlugin (250)
[2017.05.24-21.00.04:584][605]LogModuleManager: Shutting down and abandoning module SubversionSourceControl (248)
[2017.05.24-21.00.04:584][605]LogModuleManager: Shutting down and abandoning module PerforceSourceControl (246)
[2017.05.24-21.00.04:584][605]LogModuleManager: Shutting down and abandoning module GitSourceControl (244)
[2017.05.24-21.00.04:584][605]LogModuleManager: Shutting down and abandoning module SourceControl (243)
[2017.05.24-21.00.04:584][605]LogModuleManager: Shutting down and abandoning module LightPropagationVolumeEditor (240)
[2017.05.24-21.00.04:584][605]LogModuleManager: Shutting down and abandoning module PaperTiledImporter (238)
[2017.05.24-21.00.04:584][605]LogModuleManager: Shutting down and abandoning module PaperSpriteSheetImporter (236)
[2017.05.24-21.00.04:584][605]LogModuleManager: Shutting down and abandoning module Paper2DEditor (234)
[2017.05.24-21.00.04:584][605]LogModuleManager: Shutting down and abandoning module MeshPaint (233)
[2017.05.24-21.00.04:584][605]LogModuleManager: Shutting down and abandoning module LevelEditor (231)
[2017.05.24-21.00.04:584][605]LogModuleManager: Shutting down and abandoning module PixelInspectorModule (230)
[2017.05.24-21.00.04:584][605]LogModuleManager: Shutting down and abandoning module MainFrame (228)
[2017.05.24-21.00.04:584][605]LogModuleManager: Shutting down and abandoning module HotReload (227)
[2017.05.24-21.00.04:585][605]LogModuleManager: Shutting down and abandoning module ContentBrowser (223)
[2017.05.24-21.00.04:586][605]LogModuleManager: Shutting down and abandoning module PhysXVehiclesEditor (220)
[2017.05.24-21.00.04:586][605]LogModuleManager: Shutting down and abandoning module PhysXVehicles (218)
[2017.05.24-21.00.04:586][605]LogModuleManager: Shutting down and abandoning module LocationServicesBPLibrary (216)
[2017.05.24-21.00.04:586][605]LogModuleManager: Shutting down and abandoning module UdpMessaging (214)
[2017.05.24-21.00.04:686][605]LogModuleManager: Shutting down and abandoning module TcpMessaging (212)
[2017.05.24-21.00.04:786][605]LogModuleManager: Shutting down and abandoning module GameplayTagsEditor (210)
[2017.05.24-21.00.04:786][605]LogModuleManager: Shutting down and abandoning module FacialAnimationEditor (208)
[2017.05.24-21.00.04:786][605]LogModuleManager: Shutting down and abandoning module FacialAnimation (206)
[2017.05.24-21.00.04:786][605]LogModuleManager: Shutting down and abandoning module LightPropagationVolumeRuntime (204)
[2017.05.24-21.00.04:786][605]LogModuleManager: Shutting down and abandoning module Paper2D (202)
[2017.05.24-21.00.04:786][605]LogModuleManager: Shutting down and abandoning module WindowsMoviePlayer (200)
[2017.05.24-21.00.04:786][605]LogModuleManager: Shutting down and abandoning module WmfMedia (198)
[2017.05.24-21.00.04:786][605]LogModuleManager: Shutting down and abandoning module MfMedia (196)
[2017.05.24-21.00.04:786][605]LogModuleManager: Shutting down and abandoning module MediaAssets (194)
[2017.05.24-21.00.04:786][605]LogModuleManager: Shutting down and abandoning module GameLiveStreaming (192)
[2017.05.24-21.00.04:786][605]LogModuleManager: Shutting down and abandoning module VREditor (190)
[2017.05.24-21.00.04:786][605]LogModuleManager: Shutting down and abandoning module GameplayTasksEditor (188)
[2017.05.24-21.00.04:786][605]LogModuleManager: Shutting down and abandoning module BehaviorTreeEditor (186)
[2017.05.24-21.00.04:786][605]LogModuleManager: Shutting down and abandoning module FunctionalTesting (184)
[2017.05.24-21.00.04:787][605]LogModuleManager: Shutting down and abandoning module CollisionAnalyzer (182)
[2017.05.24-21.00.04:787][605]LogModuleManager: Shutting down and abandoning module UMG (180)
[2017.05.24-21.00.04:787][605]LogModuleManager: Shutting down and abandoning module UMGEditor (179)
[2017.05.24-21.00.04:787][605]LogModuleManager: Shutting down and abandoning module Sequencer (178)
[2017.05.24-21.00.04:787][605]LogModuleManager: Shutting down and abandoning module AssetTools (176)
[2017.05.24-21.00.04:787][605]LogModuleManager: Shutting down and abandoning module MessageLog (175)
[2017.05.24-21.00.04:787][605]LogModuleManager: Shutting down and abandoning module WorkspaceMenuStructure (174)
[2017.05.24-21.00.04:787][605]LogModuleManager: Shutting down and abandoning module SlateReflector (168)
[2017.05.24-21.00.04:787][605]LogModuleManager: Shutting down and abandoning module Slate (166)
[2017.05.24-21.00.04:787][605]LogModuleManager: Shutting down and abandoning module EditorStyle (164)
[2017.05.24-21.00.04:788][605]LogModuleManager: Shutting down and abandoning module SourceCodeAccess (162)
[2017.05.24-21.00.04:788][605]LogModuleManager: Shutting down and abandoning module HeadMountedDisplay (160)
[2017.05.24-21.00.04:788][605]LogModuleManager: Shutting down and abandoning module XAudio2 (158)
[2017.05.24-21.00.04:789][605]LogModuleManager: Shutting down and abandoning module Networking (156)
[2017.05.24-21.00.04:789][605]LogModuleManager: Shutting down and abandoning module Core (152)
[2017.05.24-21.00.04:789][605]LogModuleManager: Shutting down and abandoning module AssetRegistry (150)
[2017.05.24-21.00.04:862][605]LogDirectoryWatcher: A directory notification for '../../../Engine/Content/' was aborted.
[2017.05.24-21.00.04:862][605]LogDirectoryWatcher: A directory notification for '../../../../../../CITYOS/CITYOS_LAB/UNREAL/PluralSightTutorial/Content/' was aborted.
[2017.05.24-21.00.04:862][605]LogDirectoryWatcher: A directory notification for '../../../Engine/Plugins/2D/Paper2D/Content/' was aborted.
[2017.05.24-21.00.04:863][605]LogModuleManager: Shutting down and abandoning module DirectoryWatcher (149)
[2017.05.24-21.00.04:863][605]LogModuleManager: Shutting down and abandoning module KismetCompiler (146)
[2017.05.24-21.00.04:863][605]LogModuleManager: Shutting down and abandoning module PhysXFormats (144)
[2017.05.24-21.00.04:863][605]LogModuleManager: Shutting down and abandoning module MeshUtilities (142)
[2017.05.24-21.00.04:863][605]LogModuleManager: Shutting down and abandoning module SimplygonSwarm (141)
[2017.05.24-21.00.04:863][605]LogModuleManager: Shutting down and abandoning module SimplygonMeshReduction (139)
[2017.05.24-21.00.04:863][605]LogModuleManager: Shutting down and abandoning module QuadricMeshReduction (137)
[2017.05.24-21.00.04:863][605]LogModuleManager: Shutting down and abandoning module PropertyEditor (135)
[2017.05.24-21.00.04:863][605]LogModuleManager: Shutting down and abandoning module DerivedDataCache (132)
[2017.05.24-21.00.04:878][605]LogDerivedDataCache: Shutdown
[2017.05.24-21.00.04:878][605]LogModuleManager: Shutting down and abandoning module TargetPlatform (130)
[2017.05.24-21.00.04:878][605]LogModuleManager: Shutting down and abandoning module VulkanShaderFormat (129)
[2017.05.24-21.00.04:878][605]LogModuleManager: Shutting down and abandoning module ShaderFormatOpenGL (127)
[2017.05.24-21.00.04:878][605]LogModuleManager: Shutting down and abandoning module ShaderFormatD3D (125)
[2017.05.24-21.00.04:878][605]LogModuleManager: Shutting down and abandoning module MetalShaderFormat (123)
[2017.05.24-21.00.04:878][605]LogModuleManager: Shutting down and abandoning module TextureFormatUncompressed (121)
[2017.05.24-21.00.04:878][605]LogModuleManager: Shutting down and abandoning module TextureFormatPVR (119)
[2017.05.24-21.00.04:878][605]LogModuleManager: Shutting down and abandoning module TextureFormatDXT (117)
[2017.05.24-21.00.04:878][605]LogModuleManager: Shutting down and abandoning module TextureFormatIntelISPCTexComp (115)
[2017.05.24-21.00.04:878][605]LogModuleManager: Shutting down and abandoning module TextureFormatASTC (113)
[2017.05.24-21.00.04:878][605]LogModuleManager: Shutting down and abandoning module ImageWrapper (112)
[2017.05.24-21.00.04:878][605]LogModuleManager: Shutting down and abandoning module TextureFormatAndroid (109)
[2017.05.24-21.00.04:878][605]LogModuleManager: Shutting down and abandoning module AudioFormatOpus (107)
[2017.05.24-21.00.04:878][605]LogModuleManager: Shutting down and abandoning module AudioFormatOgg (105)
[2017.05.24-21.00.04:878][605]LogModuleManager: Shutting down and abandoning module AudioFormatADPCM (103)
[2017.05.24-21.00.04:878][605]LogModuleManager: Shutting down and abandoning module LinuxTargetPlatform (101)
[2017.05.24-21.00.04:878][605]LogModuleManager: Shutting down and abandoning module LinuxServerTargetPlatform (99)
[2017.05.24-21.00.04:878][605]LogModuleManager: Shutting down and abandoning module LinuxNoEditorTargetPlatform (97)
[2017.05.24-21.00.04:878][605]LogModuleManager: Shutting down and abandoning module LinuxClientTargetPlatform (95)
[2017.05.24-21.00.04:878][605]LogModuleManager: Shutting down and abandoning module TVOSTargetPlatform (93)
[2017.05.24-21.00.04:878][605]LogModuleManager: Shutting down and abandoning module Messaging (91)
[2017.05.24-21.00.04:878][605]LogModuleManager: Shutting down and abandoning module IOSTargetPlatform (89)
[2017.05.24-21.00.04:878][605]LogModuleManager: Shutting down and abandoning module HTML5TargetPlatform (87)
[2017.05.24-21.00.04:878][605]LogModuleManager: Shutting down and abandoning module Android_PVRTCTargetPlatform (85)
[2017.05.24-21.00.04:879][605]LogModuleManager: Shutting down and abandoning module Android_MultiTargetPlatform (83)
[2017.05.24-21.00.04:879][605]LogModuleManager: Shutting down and abandoning module Android_ETC2TargetPlatform (81)
[2017.05.24-21.00.04:879][605]LogModuleManager: Shutting down and abandoning module Android_ETC1TargetPlatform (79)
[2017.05.24-21.00.04:879][605]LogModuleManager: Shutting down and abandoning module Android_DXTTargetPlatform (77)
[2017.05.24-21.00.04:879][605]LogModuleManager: Shutting down and abandoning module Android_ATCTargetPlatform (75)
[2017.05.24-21.00.04:879][605]LogModuleManager: Shutting down and abandoning module Android_ASTCTargetPlatform (73)
[2017.05.24-21.00.04:879][605]LogModuleManager: Shutting down and abandoning module AndroidTargetPlatform (71)
[2017.05.24-21.00.04:879][605]LogModuleManager: Shutting down and abandoning module WindowsTargetPlatform (69)
[2017.05.24-21.00.04:879][605]LogModuleManager: Shutting down and abandoning module WindowsServerTargetPlatform (67)
[2017.05.24-21.00.04:879][605]LogModuleManager: Shutting down and abandoning module WindowsNoEditorTargetPlatform (65)
[2017.05.24-21.00.04:879][605]LogModuleManager: Shutting down and abandoning module WindowsClientTargetPlatform (63)
[2017.05.24-21.00.04:879][605]LogModuleManager: Shutting down and abandoning module MacTargetPlatform (61)
[2017.05.24-21.00.04:879][605]LogModuleManager: Shutting down and abandoning module MacServerTargetPlatform (59)
[2017.05.24-21.00.04:879][605]LogModuleManager: Shutting down and abandoning module MacNoEditorTargetPlatform (57)
[2017.05.24-21.00.04:879][605]LogModuleManager: Shutting down and abandoning module MacClientTargetPlatform (55)
[2017.05.24-21.00.04:879][605]LogModuleManager: Shutting down and abandoning module AllDesktopTargetPlatform (53)
[2017.05.24-21.00.04:879][605]LogModuleManager: Shutting down and abandoning module InputCore (50)
[2017.05.24-21.00.04:879][605]LogModuleManager: Shutting down and abandoning module Settings (48)
[2017.05.24-21.00.04:879][605]LogModuleManager: Shutting down and abandoning module OculusRift (46)
[2017.05.24-21.00.04:879][605]LogModuleManager: Shutting down and abandoning module ExampleDeviceProfileSelector (44)
[2017.05.24-21.00.04:879][605]LogModuleManager: Shutting down and abandoning module OnlineBlueprintSupport (42)
[2017.05.24-21.00.04:879][605]LogModuleManager: Shutting down and abandoning module OnlineSubsystem (38)
[2017.05.24-21.00.04:879][605]LogOnline:Display: Unloading online subsystem: NULL
[2017.05.24-21.00.04:879][605]LogModuleManager: Shutting down and abandoning module XMPP (37)
[2017.05.24-21.00.04:879][605]LogModuleManager: Shutting down and abandoning module HTTP (35)
[2017.05.24-21.00.04:879][605]LogHttp:Display: Http module shutting down, but needs to wait on 1 outstanding Http requests:
[2017.05.24-21.00.04:879][605]LogHttp:Display: 	verb=[POST] url=[https://datarouter.ol.epicgames.com/datarouter/api/v1/public/data?SessionID=%7B118CFD9D-454B-28BE-E9A9-33AF0F6C6C86%7D&AppID=UEEditor.Rocket.Release&AppVersion=4.15.0-3299760%2B%2B%2BUE4%2BRelease-4.15&UserID=44d5cff44126aeb25d31fb9b02988ef9%7C070c8072f17a44c39e22fbeeee73e78d%7C3a17cc72-0349-4197-a8da-e322f967864a&AppEnvironment=datacollector-binary&UploadType=eteventstream] status=Processing
[2017.05.24-21.00.04:881][605]LogModuleManager: Shutting down and abandoning module SSL (34)
[2017.05.24-21.00.04:883][605]LogModuleManager: Shutting down and abandoning module AudioEditor (30)
[2017.05.24-21.00.04:883][605]LogModuleManager: Shutting down and abandoning module TextureCompressor (28)
[2017.05.24-21.00.04:883][605]LogModuleManager: Shutting down and abandoning module ShaderCore (26)
[2017.05.24-21.00.04:883][605]LogModuleManager: Shutting down and abandoning module Landscape (24)
[2017.05.24-21.00.04:883][605]LogModuleManager: Shutting down and abandoning module SlateRHIRenderer (22)
[2017.05.24-21.00.04:883][605]LogModuleManager: Shutting down and abandoning module OpenGLDrv (20)
[2017.05.24-21.00.04:883][605]LogModuleManager: Shutting down and abandoning module D3D11RHI (18)
[2017.05.24-21.00.04:883][605]LogModuleManager: Shutting down and abandoning module AnimGraphRuntime (16)
[2017.05.24-21.00.04:883][605]LogModuleManager: Shutting down and abandoning module Renderer (14)
[2017.05.24-21.00.04:883][605]LogModuleManager: Shutting down and abandoning module Engine (12)
[2017.05.24-21.00.04:883][605]LogModuleManager: Shutting down and abandoning module CoreUObject (10)
[2017.05.24-21.00.04:883][605]LogModuleManager: Shutting down and abandoning module NetworkFile (8)
[2017.05.24-21.00.04:883][605]LogModuleManager: Shutting down and abandoning module StreamingFile (6)
[2017.05.24-21.00.04:883][605]LogModuleManager: Shutting down and abandoning module SandboxFile (4)
[2017.05.24-21.00.04:884][605]LogModuleManager: Shutting down and abandoning module PakFile (2)
[2017.05.24-21.00.04:885][605]LogExit: Exiting.
[2017.05.24-21.00.04:886][605]Log file closed, 05/24/17 23:00:04
